Log file open, 01/16/19 13:23:33
LogWindows: Failed to load 'aqProf.dll' (GetLastError=126)
LogWindows: File 'aqProf.dll' does not exist
LogWindows: Failed to load 'VtuneApi.dll' (GetLastError=126)
LogWindows: File 'VtuneApi.dll' does not exist
LogWindows: Failed to load 'VtuneApi32e.dll' (GetLastError=126)
LogWindows: File 'VtuneApi32e.dll' does not exist
LogInit: Display: Running engine for game: TR_WB_InClass
LogPlatformFile: Not using cached read wrapper
LogTaskGraph: Started task graph with 5 named threads and 23 total threads with 3 sets of task threads.
LogStats: Stats thread started at 0.282136
LogD3D11RHI: Loaded GFSDK_Aftermath_Lib.x64.dll
LogICUInternationalization: Display: ICU TimeZone Detection - Raw Offset: -7:00, Platform Override: ''
LogPluginManager: Mounting plugin Paper2D
LogPluginManager: Mounting plugin AISupport
LogPluginManager: Mounting plugin LightPropagationVolume
LogPluginManager: Mounting plugin CLionSourceCodeAccess
LogPluginManager: Mounting plugin CodeLiteSourceCodeAccess
LogPluginManager: Mounting plugin GitSourceControl
LogPluginManager: Mounting plugin KDevelopSourceCodeAccess
LogPluginManager: Mounting plugin NullSourceCodeAccess
LogPluginManager: Mounting plugin PerforceSourceControl
LogPluginManager: Mounting plugin SubversionSourceControl
LogPluginManager: Mounting plugin UObjectPlugin
LogPluginManager: Mounting plugin VisualStudioCodeSourceCodeAccess
LogPluginManager: Mounting plugin VisualStudioSourceCodeAccess
LogPluginManager: Mounting plugin XCodeSourceCodeAccess
LogPluginManager: Mounting plugin AssetManagerEditor
LogPluginManager: Mounting plugin CryptoKeys
LogPluginManager: Mounting plugin DataValidation
LogPluginManager: Mounting plugin FacialAnimation
LogPluginManager: Mounting plugin GameplayTagsEditor
LogPluginManager: Mounting plugin MacGraphicsSwitching
LogPluginManager: Mounting plugin MeshEditor
LogPluginManager: Mounting plugin MobileLauncherProfileWizard
LogPluginManager: Mounting plugin PluginBrowser
LogPluginManager: Mounting plugin SpeedTreeImporter
LogPluginManager: Mounting plugin DatasmithContent
LogPluginManager: Mounting plugin AlembicImporter
LogPluginManager: Mounting plugin AppleImageUtils
LogPluginManager: Mounting plugin AppleVision
LogPluginManager: Mounting plugin BackChannel
LogPluginManager: Mounting plugin CharacterAI
LogPluginManager: Mounting plugin GeometryCache
LogPluginManager: Mounting plugin HTML5Networking
LogPluginManager: Mounting plugin ProxyLODPlugin
LogPluginManager: Mounting plugin MagicLeap
LogPluginManager: Mounting plugin MagicLeapEmulator
LogPluginManager: Mounting plugin MagicLeapMedia
LogPluginManager: Mounting plugin AndroidMedia
LogPluginManager: Mounting plugin AvfMedia
LogPluginManager: Mounting plugin ImgMedia
LogPluginManager: Mounting plugin LinearTimecode
LogPluginManager: Mounting plugin MediaCompositing
LogPluginManager: Mounting plugin MediaPlayerEditor
LogPluginManager: Mounting plugin WmfMedia
LogPluginManager: Mounting plugin TcpMessaging
LogPluginManager: Mounting plugin UdpMessaging
LogPluginManager: Mounting plugin ActorSequence
LogPluginManager: Mounting plugin LevelSequenceEditor
LogPluginManager: Mounting plugin MatineeToLevelSequence
LogPluginManager: Mounting plugin NetcodeUnitTest
LogPluginManager: Mounting plugin NUTUnrealEngine4
LogPluginManager: Mounting plugin OnlineSubsystemGooglePlay
LogPluginManager: Mounting plugin OnlineSubsystemIOS
LogPluginManager: Mounting plugin OnlineSubsystem
LogPluginManager: Mounting plugin OnlineSubsystemNull
LogPluginManager: Mounting plugin OnlineSubsystemUtils
LogPluginManager: Mounting plugin LauncherChunkInstaller
LogPluginManager: Mounting plugin AndroidDeviceProfileSelector
LogPluginManager: Mounting plugin AndroidMoviePlayer
LogPluginManager: Mounting plugin AndroidPermission
LogPluginManager: Mounting plugin AppleMoviePlayer
LogPluginManager: Mounting plugin ArchVisCharacter
LogPluginManager: Mounting plugin AudioCapture
LogPluginManager: Mounting plugin CableComponent
LogPluginManager: Mounting plugin CustomMeshComponent
LogPluginManager: Mounting plugin EditableMesh
LogPluginManager: Mounting plugin ExampleDeviceProfileSelector
LogPluginManager: Mounting plugin GoogleCloudMessaging
LogPluginManager: Mounting plugin ImmediatePhysics
LogPluginManager: Mounting plugin IOSDeviceProfileSelector
LogPluginManager: Mounting plugin LinuxDeviceProfileSelector
LogPluginManager: Mounting plugin LocationServicesBPLibrary
LogPluginManager: Mounting plugin MobilePatchingUtils
LogPluginManager: Mounting plugin OculusVR
LogPluginManager: Plugin shader directory ../../../Engine/Plugins/Runtime/Oculus/OculusVR/Shaders found
LogPluginManager: Mapping shader source directory ../../../Engine/Plugins/Runtime/Oculus/OculusVR/Shaders to virtual directory /Plugin/OculusVR
LogPluginManager: Mounting plugin PhysXVehicles
LogPluginManager: Mounting plugin ProceduralMeshComponent
LogPluginManager: Mounting plugin RuntimePhysXCooking
LogPluginManager: Mounting plugin SteamVR
LogPluginManager: Mounting plugin WindowsMoviePlayer
LogStreaming: Display: Took  0.099s to configure plugins.
LogInit: Using libcurl 7.55.1-DEV
LogInit:  - built for x86_64-pc-win32
LogInit:  - supports SSL with OpenSSL/1.0.2h
LogInit:  - supports HTTP deflate (compression) using libz 1.2.8
LogInit:  - other features:
LogInit:      CURL_VERSION_SSL
LogInit:      CURL_VERSION_LIBZ
LogInit:      CURL_VERSION_IPV6
LogInit:      CURL_VERSION_ASYNCHDNS
LogInit:      CURL_VERSION_LARGEFILE
LogInit:      CURL_VERSION_IDN
LogInit:  CurlRequestOptions (configurable via config and command line):
LogInit:  - bVerifyPeer = false  - Libcurl will NOT verify peer certificate
LogInit:  - bUseHttpProxy = false  - Libcurl will NOT use HTTP proxy
LogInit:  - bDontReuseConnections = false  - Libcurl will reuse connections
LogInit:  - CertBundlePath = nullptr  - Libcurl will use whatever was configured at build time.
LogInit:  - MaxHostConnections = 16  - Libcurl will limit the number of connections to a host
LogInit:  - LocalHostAddr = Default
LogInit:  - BufferSize = 65536
LogInit: WinSock: version 1.1 (2.2), MaxSocks=32767, MaxUdp=65467
LogInit: Build: ++UE4+Release-4.20-CL-4369336
LogInit: Engine Version: 4.20.3-4369336+++UE4+Release-4.20
LogInit: Compatible Engine Version: 4.20.0-4212847+++UE4+Release-4.20
LogInit: Net CL: 4212847
LogInit: OS: Windows 10 (), CPU: Intel(R) Core(TM) i7-8809G CPU @ 3.10GHz, GPU: Radeon RX Vega M GH Graphics
LogInit: Compiled (64-bit): Sep 17 2018 12:26:19
LogInit: Compiled with Visual C++: 19.13.26129.00
LogInit: Build Configuration: Development
LogInit: Branch Name: ++UE4+Release-4.20
LogInit: Command Line: 
LogInit: Base Directory: C:/Program Files/Epic Games/UE_4.20/Engine/Binaries/Win64/
LogInit: Installed Engine Build: 1
LogDevObjectVersion: Number of dev versions registered: 20
LogDevObjectVersion:   Dev-Blueprints (B0D832E4-1F89-4F0D-ACCF-7EB736FD4AA2): 10
LogDevObjectVersion:   Dev-Build (E1C64328-A22C-4D53-A36C-8E866417BD8C): 0
LogDevObjectVersion:   Dev-Core (375EC13C-06E4-48FB-B500-84F0262A717E): 2
LogDevObjectVersion:   Dev-Editor (E4B068ED-F494-42E9-A231-DA0B2E46BB41): 24
LogDevObjectVersion:   Dev-Framework (CFFC743F-43B0-4480-9391-14DF171D2073): 34
LogDevObjectVersion:   Dev-Mobile (B02B49B5-BB20-44E9-A304-32B752E40360): 2
LogDevObjectVersion:   Dev-Networking (A4E4105C-59A1-49B5-A7C5-40C4547EDFEE): 0
LogDevObjectVersion:   Dev-Online (39C831C9-5AE6-47DC-9A44-9C173E1C8E7C): 0
LogDevObjectVersion:   Dev-Physics (78F01B33-EBEA-4F98-B9B4-84EACCB95AA2): 0
LogDevObjectVersion:   Dev-Platform (6631380F-2D4D-43E0-8009-CF276956A95A): 0
LogDevObjectVersion:   Dev-Rendering (12F88B9F-8875-4AFC-A67C-D90C383ABD29): 26
LogDevObjectVersion:   Dev-Sequencer (7B5AE74C-D270-4C10-A958-57980B212A5A): 9
LogDevObjectVersion:   Dev-VR (D7296918-1DD6-4BDD-9DE2-64A83CC13884): 2
LogDevObjectVersion:   Dev-LoadTimes (C2A15278-BFE7-4AFE-6C17-90FF531DF755): 1
LogDevObjectVersion:   Private-Geometry (6EACA3D4-40EC-4CC1-B786-8BED09428FC5): 3
LogDevObjectVersion:   Dev-AnimPhys (29E575DD-E0A3-4627-9D10-D276232CDCEA): 17
LogDevObjectVersion:   Dev-ReflectionCapture (6B266CEC-1EC7-4B8F-A30B-E4D90942FC07): 1
LogDevObjectVersion:   Dev-Automation (0DF73D61-A23F-47EA-B727-89E90C41499A): 1
LogDevObjectVersion:   FortniteMain (601D1886-AC64-4F84-AA16-D3DE0DEAC7D6): 12
LogDevObjectVersion:   Dev-Enterprise (9DFFBCD6-494F-0158-E221-12823C92A888): 1
LogStreaming: Display: Took  0.000s to delete old logs.
LogInit: Presizing for max 8388607 objects, including 0 objects not considered by GC, pre-allocating 0 bytes for permanent pool.
LogInit: Object subsystem initialized
[2019.01.16-20.23.34:262][  0]LogInit: Selected Device Profile: [Windows]
[2019.01.16-20.23.34:263][  0]LogInit: Applying CVar settings loaded from the selected device profile: [Windows]
[2019.01.16-20.23.34:279][  0]LogHAL: Display: Platform has ~ 16 GB [17094643712 / 17179869184 / 16], which maps to Larger [LargestMinGB=32, LargerMinGB=12, DefaultMinGB=8, SmallerMinGB=6, SmallestMinGB=0)
[2019.01.16-20.23.34:279][  0]LogInit: Setting Device Profile CVar: [[r.Vulkan.UseRealUBs:1]]
[2019.01.16-20.23.34:279][  0]LogInit: Going up to parent DeviceProfile []
[2019.01.16-20.23.34:279][  0]LogInit: Computer: eae-n-028
[2019.01.16-20.23.34:279][  0]LogInit: User: u1122635
[2019.01.16-20.23.34:279][  0]LogInit: CPU Page size=4096, Cores=4
[2019.01.16-20.23.34:279][  0]LogInit: High frequency timer resolution =3.023439 MHz
[2019.01.16-20.23.34:279][  0]LogMemory: Memory total: Physical=15.9GB (16GB approx)
[2019.01.16-20.23.34:279][  0]LogMemory: Platform Memory Stats for Windows
[2019.01.16-20.23.34:279][  0]LogMemory: Process Physical Memory: 99.80 MB used, 99.80 MB peak
[2019.01.16-20.23.34:279][  0]LogMemory: Process Virtual Memory: 90.97 MB used, 90.97 MB peak
[2019.01.16-20.23.34:279][  0]LogMemory: Physical Memory: 6205.75 MB used,  10096.97 MB free, 16302.72 MB total
[2019.01.16-20.23.34:279][  0]LogMemory: Virtual Memory: 4640.71 MB used,  10096.97 MB free, 134217728.00 MB total
[2019.01.16-20.23.34:292][  0]LogInit: Using OS detected language (en-US).
[2019.01.16-20.23.34:292][  0]LogInit: Using OS detected locale (en-US).
[2019.01.16-20.23.34:293][  0]LogTextLocalizationManager: No specific localization for 'en-US' exists, so the 'en' localization will be used.
[2019.01.16-20.23.34:593][  0]LogStreaming: Display: Took  0.302s to InitEngineTextLocalization.
[2019.01.16-20.23.34:593][  0]LogInit: Setting process to per monitor DPI aware
[2019.01.16-20.23.34:640][  0]LogSlate: New Slate User Created.  User Index 0, Is Virtual User: 0
[2019.01.16-20.23.34:640][  0]LogSlate: Slate User Registered.  User Index 0, Is Virtual User: 0
[2019.01.16-20.23.34:835][  0]LogHMD: Failed to initialize OpenVR with code 110
[2019.01.16-20.23.34:835][  0]LogD3D11RHI: D3D11 adapters:
[2019.01.16-20.23.34:871][  0]LogD3D11RHI:    0. 'Radeon RX Vega M GH Graphics' (Feature Level 11_0)
[2019.01.16-20.23.34:871][  0]LogD3D11RHI:       4042/0/8151 MB DedicatedVideo/DedicatedSystem/SharedSystem, Outputs:2, VendorId:0x1002
[2019.01.16-20.23.34:882][  0]LogD3D11RHI:    1. 'Intel(R) HD Graphics 630' (Feature Level 11_0)
[2019.01.16-20.23.34:882][  0]LogD3D11RHI:       128/0/8151 MB DedicatedVideo/DedicatedSystem/SharedSystem, Outputs:0, VendorId:0x8086
[2019.01.16-20.23.34:883][  0]LogD3D11RHI:    2. 'Microsoft Basic Render Driver' (Feature Level 11_0)
[2019.01.16-20.23.34:883][  0]LogD3D11RHI:       0/0/8151 MB DedicatedVideo/DedicatedSystem/SharedSystem, Outputs:0, VendorId:0x1414
[2019.01.16-20.23.34:883][  0]LogD3D11RHI: Chosen D3D11 Adapter: 0
[2019.01.16-20.23.34:892][  0]LogD3D11RHI: Creating new Direct3DDevice
[2019.01.16-20.23.34:892][  0]LogD3D11RHI:     GPU DeviceId: 0x694c (for the marketing name, search the web for "GPU Device Id")
[2019.01.16-20.23.34:892][  0]LogWindows: EnumDisplayDevices:
[2019.01.16-20.23.34:892][  0]LogWindows:    0. 'Radeon RX Vega M GH Graphics' (P:1 D:1)
[2019.01.16-20.23.34:893][  0]LogWindows:    1. 'Radeon RX Vega M GH Graphics' (P:0 D:1)
[2019.01.16-20.23.34:893][  0]LogWindows:    2. 'Radeon RX Vega M GH Graphics' (P:0 D:0)
[2019.01.16-20.23.34:893][  0]LogWindows:    3. 'Radeon RX Vega M GH Graphics' (P:0 D:0)
[2019.01.16-20.23.34:893][  0]LogWindows:    4. 'Radeon RX Vega M GH Graphics' (P:0 D:0)
[2019.01.16-20.23.34:894][  0]LogWindows:    5. 'Radeon RX Vega M GH Graphics' (P:0 D:0)
[2019.01.16-20.23.34:894][  0]LogWindows:    6. 'Radeon RX Vega M GH Graphics' (P:0 D:0)
[2019.01.16-20.23.34:894][  0]LogWindows:    7. 'Intel(R) HD Graphics 630' (P:0 D:0)
[2019.01.16-20.23.34:894][  0]LogWindows:    8. 'Intel(R) HD Graphics 630' (P:0 D:0)
[2019.01.16-20.23.34:894][  0]LogWindows: DebugString: PrimaryIsNotTheChoosenAdapter PrimaryIsNotTheChoosenAdapter FoundDriverCount:7 
[2019.01.16-20.23.34:894][  0]LogD3D11RHI:     Adapter Name: Radeon RX Vega M GH Graphics
[2019.01.16-20.23.34:894][  0]LogD3D11RHI:   Driver Version: Adrenalin 18.9.1 (internal:24.20.11026.2001, unified:24.20.11026.2001)
[2019.01.16-20.23.34:894][  0]LogD3D11RHI:      Driver Date: 8-30-2018
[2019.01.16-20.23.34:894][  0]LogRHI: Texture pool is 2829 MB (70% of 4042 MB)
[2019.01.16-20.23.34:972][  0]LogD3D11RHI: Async texture creation enabled
[2019.01.16-20.23.34:984][  0]LogD3D11RHI: GPU Timing Frequency: 25.000000 (Debug: 2 1)
[2019.01.16-20.23.34:986][  0]LogShaderCompilers: Guid format shader working directory is -24 characters bigger than the processId version (../../../../../../Users/u1122635/Documents/Unreal Projects/TR_WB_InClass/Intermediate/Shaders/WorkingDirectory/15668/).
[2019.01.16-20.23.34:986][  0]LogShaderCompilers: Cleaned the shader compiler working directory 'C:/Users/u1122635/AppData/Local/Temp/UnrealShaderWorkingDir/FDDD8BFA491F6C14F50E81B11F62E72C/'.
[2019.01.16-20.23.35:225][  0]LogTemp: Display: Loaded TP AllDesktopTargetPlatform
[2019.01.16-20.23.35:236][  0]LogTemp: Display: Loaded TP MacClientTargetPlatform
[2019.01.16-20.23.35:248][  0]LogTemp: Display: Loaded TP MacNoEditorTargetPlatform
[2019.01.16-20.23.35:259][  0]LogTemp: Display: Loaded TP MacServerTargetPlatform
[2019.01.16-20.23.35:271][  0]LogTemp: Display: Loaded TP MacTargetPlatform
[2019.01.16-20.23.35:284][  0]LogTemp: Display: Loaded TP WindowsClientTargetPlatform
[2019.01.16-20.23.35:295][  0]LogTemp: Display: Loaded TP WindowsNoEditorTargetPlatform
[2019.01.16-20.23.35:306][  0]LogTemp: Display: Loaded TP WindowsServerTargetPlatform
[2019.01.16-20.23.35:311][  0]LogTemp: Display: Loaded TP WindowsTargetPlatform
[2019.01.16-20.23.35:377][  0]LogTemp: Display: Loaded TP AndroidTargetPlatform
[2019.01.16-20.23.35:377][  0]LogTemp: Display: Loaded TP AndroidTargetPlatform
[2019.01.16-20.23.35:377][  0]LogTemp: Display: Loaded TP AndroidTargetPlatform
[2019.01.16-20.23.35:377][  0]LogTemp: Display: Loaded TP AndroidTargetPlatform
[2019.01.16-20.23.35:377][  0]LogTemp: Display: Loaded TP AndroidTargetPlatform
[2019.01.16-20.23.35:377][  0]LogTemp: Display: Loaded TP AndroidTargetPlatform
[2019.01.16-20.23.35:377][  0]LogTemp: Display: Loaded TP AndroidTargetPlatform
[2019.01.16-20.23.35:377][  0]LogTemp: Display: Loaded TP AndroidTargetPlatform
[2019.01.16-20.23.35:377][  0]LogTemp: Display: Loaded TP AndroidTargetPlatform
[2019.01.16-20.23.35:377][  0]LogTemp: Display: Loaded TP AndroidTargetPlatform
[2019.01.16-20.23.35:377][  0]LogTemp: Display: Loaded TP AndroidTargetPlatform
[2019.01.16-20.23.35:377][  0]LogTemp: Display: Loaded TP AndroidTargetPlatform
[2019.01.16-20.23.35:377][  0]LogTemp: Display: Loaded TP AndroidTargetPlatform
[2019.01.16-20.23.35:377][  0]LogTemp: Display: Loaded TP AndroidTargetPlatform
[2019.01.16-20.23.35:377][  0]LogTemp: Display: Loaded TP AndroidTargetPlatform
[2019.01.16-20.23.35:377][  0]LogTemp: Display: Loaded TP AndroidTargetPlatform
[2019.01.16-20.23.35:377][  0]LogTemp: Display: Loaded TP AndroidTargetPlatform
[2019.01.16-20.23.35:377][  0]LogTemp: Display: Loaded TP AndroidTargetPlatform
[2019.01.16-20.23.35:378][  0]LogTemp: Display: Loaded TP HTML5TargetPlatform
[2019.01.16-20.23.35:433][  0]LogTemp: Display: Loaded TP IOSTargetPlatform
[2019.01.16-20.23.35:433][  0]LogTemp: Display: Loaded TP IOSTargetPlatform
[2019.01.16-20.23.35:452][  0]LogTemp: Display: Loaded TP TVOSTargetPlatform
[2019.01.16-20.23.35:452][  0]LogTemp: Display: Loaded TP TVOSTargetPlatform
[2019.01.16-20.23.35:462][  0]LogTemp: Display: Loaded TP LinuxClientTargetPlatform
[2019.01.16-20.23.35:473][  0]LogTemp: Display: Loaded TP LinuxNoEditorTargetPlatform
[2019.01.16-20.23.35:484][  0]LogTemp: Display: Loaded TP LinuxServerTargetPlatform
[2019.01.16-20.23.35:495][  0]LogTemp: Display: Loaded TP LinuxTargetPlatform
[2019.01.16-20.23.35:502][  0]LogTemp: Display: Loaded TP LuminTargetPlatform
[2019.01.16-20.23.35:502][  0]LogTargetPlatformManager: Display: Building Assets For Windows
[2019.01.16-20.23.35:557][  0]LogXGEController: Cannot use XGE Controller as Incredibuild is not installed on this machine.
[2019.01.16-20.23.35:557][  0]LogShaderCompilers: Cannot use XGE Shader Compiler as Incredibuild is not installed on this machine.
[2019.01.16-20.23.35:557][  0]LogShaderCompilers: Display: Using Local Shader Compiler.
[2019.01.16-20.23.36:178][  0]LogDerivedDataCache: Display: Max Cache Size: 512 MB
[2019.01.16-20.23.36:236][  0]LogDerivedDataCache: Loaded boot cache 0.06s 87MB C:/Users/u1122635/AppData/Local/UnrealEngine/4.20/DerivedDataCache/Boot.ddc.
[2019.01.16-20.23.36:236][  0]LogDerivedDataCache: Display: Loaded Boot cache: C:/Users/u1122635/AppData/Local/UnrealEngine/4.20/DerivedDataCache/Boot.ddc
[2019.01.16-20.23.36:236][  0]LogDerivedDataCache: FDerivedDataBackendGraph:  Pak pak cache file ../../../../../../Users/u1122635/Documents/Unreal Projects/TR_WB_InClass/DerivedDataCache/DDC.ddp not found, will not use a pak cache.
[2019.01.16-20.23.36:236][  0]LogDerivedDataCache: Unable to find inner node Pak for hierarchical cache Hierarchy.
[2019.01.16-20.23.36:236][  0]LogDerivedDataCache: FDerivedDataBackendGraph:  CompressedPak pak cache file ../../../../../../Users/u1122635/Documents/Unreal Projects/TR_WB_InClass/DerivedDataCache/Compressed.ddp not found, will not use a pak cache.
[2019.01.16-20.23.36:236][  0]LogDerivedDataCache: Unable to find inner node CompressedPak for hierarchical cache Hierarchy.
[2019.01.16-20.23.36:247][  0]LogDerivedDataCache: Display: Pak cache opened for reading ../../../Engine/DerivedDataCache/Compressed.ddp.
[2019.01.16-20.23.36:260][  0]LogDerivedDataCache: Using Local data cache path C:/Users/u1122635/AppData/Local/UnrealEngine/Common/DerivedDataCache: Writable
[2019.01.16-20.23.36:260][  0]LogDerivedDataCache: Shared data cache path not found in *engine.ini, will not use an Shared cache.
[2019.01.16-20.23.36:260][  0]LogDerivedDataCache: Unable to find inner node Shared for hierarchical cache Hierarchy.
[2019.01.16-20.23.36:275][  0]LogMaterial: Verifying Global Shaders for PCD3D_SM5
[2019.01.16-20.23.36:277][  0]LogSlate: Using FreeType 2.6.0
[2019.01.16-20.23.36:277][  0]LogSlate: SlateFontServices - WITH_FREETYPE: 1, WITH_HARFBUZZ: 1
[2019.01.16-20.23.36:344][  0]LogAssetRegistry: FAssetRegistry took 0.0260 seconds to start up
[2019.01.16-20.23.36:609][  0]LogInit: Selected Device Profile: [Windows]
[2019.01.16-20.23.36:723][  0]LogSimplygon: Simplygon DLL not present - disabling.
[2019.01.16-20.23.36:726][  0]LogMeshReduction: Using SimplygonSwarm for distributed automatic mesh merging
[2019.01.16-20.23.36:726][  0]LogMeshReduction: Using ProxyLODMeshReduction for automatic mesh merging
[2019.01.16-20.23.36:726][  0]LogMeshReduction: Using QuadricMeshReduction for automatic static mesh reduction
[2019.01.16-20.23.36:726][  0]LogMeshReduction: No automatic skeletal mesh reduction module available
[2019.01.16-20.23.36:742][  0]LogNetVersion: TR_WB_InClass 1.0.0, NetCL: 4212847, EngineNetVer: 5, GameNetVer: 0 (Checksum: 2784033529)
[2019.01.16-20.23.37:482][  0]LogPackageLocalizationCache: Processed 11 localized package path(s) for 2 prioritized culture(s) in 0.374634 seconds
[2019.01.16-20.23.37:487][  0]LogUObjectArray: 38425 objects as part of root set at end of initial load.
[2019.01.16-20.23.37:487][  0]LogUObjectAllocator: 6690872 out of 0 bytes used by permanent object pool.
[2019.01.16-20.23.37:487][  0]LogUObjectArray: CloseDisregardForGC: 0/0 objects in disregard for GC pool
[2019.01.16-20.23.38:228][  0]LogTcpMessaging: Initializing TcpMessaging bridge
[2019.01.16-20.23.38:240][  0]LogUdpMessaging: Initializing bridge on interface 0.0.0.0:0 to multicast group 230.0.0.1:6666.
[2019.01.16-20.23.38:373][  0]SourceControl: Source control is disabled
[2019.01.16-20.23.38:373][  0]SourceControl: Source control is disabled
[2019.01.16-20.23.38:375][  0]SourceControl: Source control is disabled
[2019.01.16-20.23.38:375][  0]SourceControl: Source control is disabled
[2019.01.16-20.23.38:541][  0]LogAndroidPermission: UAndroidPermissionCallbackProxy::GetInstance
[2019.01.16-20.23.38:627][  0]LogOcInput: OculusInput pre-init called
[2019.01.16-20.23.38:681][  0]LogEngine: Initializing Engine...
[2019.01.16-20.23.38:681][  0]LogHMD: Failed to initialize OpenVR with code 110
[2019.01.16-20.23.38:682][  0]LogStats: UGameplayTagsManager::ConstructGameplayTagTree: ImportINI prefixes -  0.000 s
[2019.01.16-20.23.38:682][  0]LogStats: UGameplayTagsManager::ConstructGameplayTagTree: Construct from data asset -  0.000 s
[2019.01.16-20.23.38:682][  0]LogStats: UGameplayTagsManager::ConstructGameplayTagTree: ImportINI -  0.000 s
[2019.01.16-20.23.38:682][  0]LogStats: UGameplayTagsManager::ConstructGameplayTagTree: GameplayTagTreeChangedEvent.Broadcast -  0.000 s
[2019.01.16-20.23.38:869][  0]LogInit: Initializing FReadOnlyCVARCache
[2019.01.16-20.23.38:883][  0]LogAIModule: Creating AISystem for world Untitled
[2019.01.16-20.23.38:914][  0]LogInit: XAudio2 using '1 - CintiqPro24P (AMD High Definition Audio Device)' : 2 channels at 48 kHz using 16 bits per sample (channel mask 0x3)
[2019.01.16-20.23.38:927][  0]LogInit: FAudioDevice initialized.
[2019.01.16-20.23.38:927][  0]LogNetVersion: Set ProjectVersion to 1.0.0.0. Version Checksum will be recalculated on next use.
[2019.01.16-20.23.39:006][  0]LogDerivedDataCache: Saved boot cache 0.08s 71MB C:/Users/u1122635/AppData/Local/UnrealEngine/4.20/DerivedDataCache/Boot.ddc.
[2019.01.16-20.23.39:010][  0]LogInit: Texture streaming: Enabled
[2019.01.16-20.23.39:025][  0]LogEngineSessionManager: EngineSessionManager initialized
[2019.01.16-20.23.39:038][  0]LogInit: Transaction tracking system initialized
[2019.01.16-20.23.39:058][  0]BlueprintLog: New page: Editor Load
[2019.01.16-20.23.39:136][  0]LocalizationService: Localization service is disabled
[2019.01.16-20.23.39:370][  0]LogCook: Display: Max memory allowance for cook 16384mb min free memory 0mb
[2019.01.16-20.23.39:370][  0]LogCook: Display: Mobile HDR setting 1
[2019.01.16-20.23.39:370][  0]LogGameplayTags: Display: UGameplayTagsManager::DoneAddingNativeTags. DelegateIsBound: 0
[2019.01.16-20.23.39:370][  0]LogStats: UGameplayTagsManager::ConstructGameplayTagTree: ImportINI prefixes -  0.000 s
[2019.01.16-20.23.39:370][  0]LogStats: UGameplayTagsManager::ConstructGameplayTagTree: Construct from data asset -  0.000 s
[2019.01.16-20.23.39:370][  0]LogStats: UGameplayTagsManager::ConstructGameplayTagTree: ImportINI -  0.000 s
[2019.01.16-20.23.39:370][  0]LogFileCache: Scanning file cache for directory 'C:/Users/u1122635/Documents/Unreal Projects/TR_WB_InClass/Content/' took 0.02s
[2019.01.16-20.23.39:370][  0]LogStats: UGameplayTagsManager::ConstructGameplayTagTree: GameplayTagTreeChangedEvent.Broadcast -  0.000 s
[2019.01.16-20.23.39:484][  0]SourceControl: Source control is disabled
[2019.01.16-20.23.39:484][  0]Cmd: MAP LOAD FILE="../../../Engine/Content/Maps/Templates/Template_Default.umap" TEMPLATE=1 SHOWPROGRESS=1 FEATURELEVEL=3
[2019.01.16-20.23.39:484][  0]LightingResults: New page: Lighting Build
[2019.01.16-20.23.39:487][  0]MapCheck: New page: Map Check
[2019.01.16-20.23.39:487][  0]LightingResults: New page: Lighting Build
[2019.01.16-20.23.39:663][  0]LogAIModule: Creating AISystem for world Untitled_1
[2019.01.16-20.23.39:670][  0]LogEditorServer: Finished looking for orphan Actors (0.000 secs)
[2019.01.16-20.23.39:690][  0]Cmd: MAP CHECKDEP NOCLEARLOG
[2019.01.16-20.23.39:748][  0]MapCheck: Map check complete: 0 Error(s), 0 Warning(s), took 57.885ms to complete.
[2019.01.16-20.23.39:748][  0]LogFileHelpers: Loading map 'Template_Default' took 0.264
[2019.01.16-20.23.39:883][  0]LogSlate: Updating window title bar state: overlay mode, drag disabled, window buttons hidden, title bar hidden
[2019.01.16-20.23.39:890][  0]LogSlate: Updating window title bar state: overlay mode, drag disabled, window buttons hidden, title bar hidden
[2019.01.16-20.23.39:900][  0]LogSlate: Updating window title bar state: overlay mode, drag disabled, window buttons hidden, title bar hidden
[2019.01.16-20.23.39:909][  0]LogSlate: Updating window title bar state: overlay mode, drag disabled, window buttons hidden, title bar hidden
[2019.01.16-20.23.39:921][  0]LogCollectionManager: Loaded 0 collections in 0.002389 seconds
[2019.01.16-20.23.39:967][  0]LogFileCache: Scanning file cache for directory 'C:/Users/u1122635/Documents/Unreal Projects/TR_WB_InClass/Saved/Collections/' took 0.01s
[2019.01.16-20.23.39:967][  0]LogFileCache: Scanning file cache for directory 'C:/Users/u1122635/Documents/Unreal Projects/TR_WB_InClass/Content/Developers/u1122635/Collections/' took 0.01s
[2019.01.16-20.23.39:967][  0]LogFileCache: Scanning file cache for directory 'C:/Users/u1122635/Documents/Unreal Projects/TR_WB_InClass/Content/Collections/' took 0.01s
[2019.01.16-20.23.39:967][  0]LogCollectionManager: Rebuilt the GUID cache for 0 collections in 0.000000 seconds
[2019.01.16-20.23.39:981][  0]LogContentBrowser: Native class hierarchy populated in 0.0140 seconds. Added 2572 classes and 603 folders.
[2019.01.16-20.23.39:990][  0]LogContentBrowser: Native class hierarchy updated for 'WidgetCarousel' in 0.0004 seconds. Added 0 classes and 0 folders.
[2019.01.16-20.23.40:318][  0]LogContentBrowser: Native class hierarchy updated for 'AddContentDialog' in 0.0002 seconds. Added 0 classes and 0 folders.
[2019.01.16-20.23.40:323][  0]LogContentBrowser: Native class hierarchy updated for 'SceneOutliner' in 0.0002 seconds. Added 1 classes and 2 folders.
[2019.01.16-20.23.40:367][  0]LogContentBrowser: Native class hierarchy updated for 'HierarchicalLODOutliner' in 0.0002 seconds. Added 0 classes and 0 folders.
[2019.01.16-20.23.40:367][  0]LogLoad: (Engine Initialization) Total time: 7.94 seconds
[2019.01.16-20.23.40:367][  0]LogLoad: (Engine Initialization) Total Blueprint compile time: 0.00 seconds
[2019.01.16-20.23.40:380][  0]LogWindowsTextInputMethodSystem: Display: IME system now deactivated.
[2019.01.16-20.23.40:399][  0]LogAssetRegistry: Asset discovery search completed in 4.0772 seconds
[2019.01.16-20.23.40:400][  0]LogCollectionManager: Rebuilt the object cache for 0 collections in 0.000001 seconds (found 0 objects)
[2019.01.16-20.23.40:400][  0]LogCollectionManager: Fixed up redirectors for 0 collections in 0.000039 seconds (updated 0 objects)
[2019.01.16-20.23.40:401][  0]LogContentStreaming: Texture pool size now 1000 MB
[2019.01.16-20.23.40:407][  0]LogSlate: Took 0.000186 seconds to synchronously load lazily loaded font '../../../Engine/Content/Slate/Fonts/Roboto-Regular.ttf' (155K)
[2019.01.16-20.23.40:408][  0]LogSlate: Took 0.000116 seconds to synchronously load lazily loaded font '../../../Engine/Content/Slate/Fonts/Roboto-Bold.ttf' (160K)
[2019.01.16-20.23.40:416][  0]LogSlate: Took 0.005277 seconds to synchronously load lazily loaded font '../../../Engine/Content/Editor/Slate/Fonts/FontAwesome.ttf' (139K)
[2019.01.16-20.23.40:579][  1]LogRenderer: Reallocating scene render targets to support 800x356 Format 10 NumSamples 1 (Frame:1).
[2019.01.16-20.23.41:401][ 85]LogSlate: Took 0.003970 seconds to synchronously load lazily loaded font '../../../Engine/Content/Slate/Fonts/Roboto-Light.ttf' (167K)
[2019.01.16-20.23.50:810][209]LogSlate: FSceneViewport::OnFocusLost() reason 0
[2019.01.16-20.23.52:077][344]LogAIModule: Creating AISystem for world TR_WBStreet
[2019.01.16-20.23.52:096][344]LogAssetEditorManager: Opening Asset editor for World /Game/TR_WBStreet.TR_WBStreet
[2019.01.16-20.23.52:116][344]Cmd: MAP LOAD FILE="../../../../../../Users/u1122635/Documents/Unreal Projects/TR_WB_InClass/Content/TR_WBStreet.umap" TEMPLATE=0 SHOWPROGRESS=1 FEATURELEVEL=3
[2019.01.16-20.23.52:116][344]LightingResults: New page: Lighting Build
[2019.01.16-20.23.52:116][344]LoadErrors: New page: Loading map: TR_WBStreet.umap
[2019.01.16-20.23.52:116][344]MapCheck: New page: Map Check
[2019.01.16-20.23.52:117][344]LightingResults: New page: Lighting Build
[2019.01.16-20.23.52:143][344]LogEditorServer: Finished looking for orphan Actors (0.000 secs)
[2019.01.16-20.23.52:183][344]Cmd: MAP CHECKDEP NOCLEARLOG
[2019.01.16-20.23.52:241][344]MapCheck: Map check complete: 0 Error(s), 0 Warning(s), took 57.907ms to complete.
[2019.01.16-20.23.52:241][344]LogFileHelpers: Loading map 'TR_WBStreet' took 0.126
[2019.01.16-20.24.41:646][205]LogRenderer: Reallocating scene render targets to support 1208x576 Format 10 NumSamples 1 (Frame:5852).
[2019.01.16-20.24.55:888][850]LogSlate: FSceneViewport::OnFocusLost() reason 0
[2019.01.16-20.25.01:025][389]Cmd: CAMERA ALIGN ACTIVEVIEWPORTONLY
[2019.01.16-20.31.19:510][311]LogSlate: FSceneViewport::OnFocusLost() reason 0
[2019.01.16-20.31.21:340][520]Cmd: DELETE
[2019.01.16-20.31.21:340][520]Cmd: ACTOR DELETE
[2019.01.16-20.31.21:347][520]LogEditorActor: Deleted Actor: Brush
[2019.01.16-20.31.21:398][520]LogEditorActor: Deleted 1 Actors (0.058 secs)
[2019.01.16-20.31.23:476][759]Cmd: DELETE
[2019.01.16-20.31.23:476][759]Cmd: ACTOR DELETE
[2019.01.16-20.31.23:481][759]LogEditorActor: Deleted Actor: Brush
[2019.01.16-20.31.23:526][759]LogEditorActor: Deleted 1 Actors (0.050 secs)
[2019.01.16-20.31.25:409][975]Cmd: DELETE
[2019.01.16-20.31.25:409][975]Cmd: ACTOR DELETE
[2019.01.16-20.31.25:414][975]LogEditorActor: Deleted Actor: Brush
[2019.01.16-20.31.25:460][975]LogEditorActor: Deleted 1 Actors (0.050 secs)
[2019.01.16-20.31.27:489][209]Cmd: DELETE
[2019.01.16-20.31.27:489][209]Cmd: ACTOR DELETE
[2019.01.16-20.31.27:495][209]LogEditorActor: Deleted Actor: Brush
[2019.01.16-20.31.27:541][209]LogEditorActor: Deleted 1 Actors (0.052 secs)
[2019.01.16-20.31.39:133][588]LogEditorViewport: Clicking Background
[2019.01.16-20.31.41:262][835]Cmd: TRANSACTION UNDO
[2019.01.16-20.31.41:262][835]LogEditorTransaction: Undo Select Brush Surface
[2019.01.16-20.31.41:850][902]Cmd: TRANSACTION UNDO
[2019.01.16-20.31.41:850][902]LogEditorTransaction: Undo Clicking Background
[2019.01.16-20.31.42:509][970]LogEditorViewport: Clicking on Actor (LMB): BP_Sky_Sphere_C (Sky Sphere)
[2019.01.16-20.31.43:953][116]Cmd: TRANSACTION UNDO
[2019.01.16-20.31.43:953][116]LogEditorTransaction: Undo Clicking on Actors
[2019.01.16-20.31.44:717][195]Cmd: TRANSACTION UNDO
[2019.01.16-20.31.44:717][195]LogEditorTransaction: Undo Apply Material to Selected Surfaces
[2019.01.16-20.31.45:912][322]LogEditorViewport: Clicking on Actor (LMB): BP_Sky_Sphere_C (Sky Sphere)
[2019.01.16-20.31.50:906][883]LogSlate: FSceneViewport::OnFocusLost() reason 0
[2019.01.16-20.33.12:811][337]Cmd: TRANSACTION UNDO
[2019.01.16-20.33.12:811][337]LogEditorTransaction: Undo Move Actors
[2019.01.16-20.33.12:843][337]LogActorComponent: ~FComponentReregisterContext: (/Game/TR_WBStreet.TR_WBStreet:PersistentLevel.Brush_Street_38.BrushComponent0) Component already registered.
[2019.01.16-20.33.12:846][337]LogActorComponent: ~FComponentReregisterContext: (/Game/TR_WBStreet.TR_WBStreet:PersistentLevel.Brush_Street_8.BrushComponent0) Component already registered.
[2019.01.16-20.33.12:847][337]LogActorComponent: ~FComponentReregisterContext: (/Game/TR_WBStreet.TR_WBStreet:PersistentLevel.Brush_Street_35.BrushComponent0) Component already registered.
[2019.01.16-20.33.12:847][337]LogActorComponent: ~FComponentReregisterContext: (/Game/TR_WBStreet.TR_WBStreet:PersistentLevel.Brush_SideWalk_1.BrushComponent0) Component already registered.
[2019.01.16-20.33.13:888][446]Cmd: TRANSACTION UNDO
[2019.01.16-20.33.13:888][446]LogEditorTransaction: Undo Move Actors
[2019.01.16-20.33.13:924][446]LogActorComponent: ~FComponentReregisterContext: (/Game/TR_WBStreet.TR_WBStreet:PersistentLevel.Brush_SubCyl_1.BrushComponent0) Component already registered.
[2019.01.16-20.33.13:924][446]LogActorComponent: ~FComponentReregisterContext: (/Game/TR_WBStreet.TR_WBStreet:PersistentLevel.Brush_SubCyl_4.BrushComponent0) Component already registered.
[2019.01.16-20.33.13:925][446]LogActorComponent: ~FComponentReregisterContext: (/Game/TR_WBStreet.TR_WBStreet:PersistentLevel.Brush_Street_13.BrushComponent0) Component already registered.
[2019.01.16-20.33.13:925][446]LogActorComponent: ~FComponentReregisterContext: (/Game/TR_WBStreet.TR_WBStreet:PersistentLevel.Brush_Street_26.BrushComponent0) Component already registered.
[2019.01.16-20.33.13:926][446]LogActorComponent: ~FComponentReregisterContext: (/Game/TR_WBStreet.TR_WBStreet:PersistentLevel.Brush_Street_20.BrushComponent0) Component already registered.
[2019.01.16-20.33.13:926][446]LogActorComponent: ~FComponentReregisterContext: (/Game/TR_WBStreet.TR_WBStreet:PersistentLevel.Brush_Street_25.BrushComponent0) Component already registered.
[2019.01.16-20.33.13:928][446]LogActorComponent: ~FComponentReregisterContext: (/Game/TR_WBStreet.TR_WBStreet:PersistentLevel.Brush_SubBox_2.BrushComponent0) Component already registered.
[2019.01.16-20.33.13:928][446]LogActorComponent: ~FComponentReregisterContext: (/Game/TR_WBStreet.TR_WBStreet:PersistentLevel.Brush_SubBox_5.BrushComponent0) Component already registered.
[2019.01.16-20.33.13:929][446]LogActorComponent: ~FComponentReregisterContext: (/Game/TR_WBStreet.TR_WBStreet:PersistentLevel.Brush_SubBox_7.BrushComponent0) Component already registered.
[2019.01.16-20.33.13:929][446]LogActorComponent: ~FComponentReregisterContext: (/Game/TR_WBStreet.TR_WBStreet:PersistentLevel.Brush_SideWalkBlock_2.BrushComponent0) Component already registered.
[2019.01.16-20.33.54:712][241]LogSlate: FSceneViewport::OnFocusLost() reason 0
[2019.01.16-20.33.59:941][837]Cmd: TRANSACTION UNDO
[2019.01.16-20.33.59:941][837]LogEditorTransaction: Undo Move Actors
[2019.01.16-20.33.59:964][837]LogActorComponent: ~FComponentReregisterContext: (/Game/TR_WBStreet.TR_WBStreet:PersistentLevel.Brush_Street_24.BrushComponent0) Component already registered.
[2019.01.16-20.33.59:964][837]LogActorComponent: ~FComponentReregisterContext: (/Game/TR_WBStreet.TR_WBStreet:PersistentLevel.Brush_Street_17.BrushComponent0) Component already registered.
[2019.01.16-20.33.59:964][837]LogActorComponent: ~FComponentReregisterContext: (/Game/TR_WBStreet.TR_WBStreet:PersistentLevel.Brush_Street_26.BrushComponent0) Component already registered.
[2019.01.16-20.33.59:965][837]LogActorComponent: ~FComponentReregisterContext: (/Game/TR_WBStreet.TR_WBStreet:PersistentLevel.Brush_Street_11.BrushComponent0) Component already registered.
[2019.01.16-20.33.59:965][837]LogActorComponent: ~FComponentReregisterContext: (/Game/TR_WBStreet.TR_WBStreet:PersistentLevel.Brush_Street_13.BrushComponent0) Component already registered.
[2019.01.16-20.33.59:965][837]LogActorComponent: ~FComponentReregisterContext: (/Game/TR_WBStreet.TR_WBStreet:PersistentLevel.Brush_Street_12.BrushComponent0) Component already registered.
[2019.01.16-20.33.59:967][837]LogActorComponent: ~FComponentReregisterContext: (/Game/TR_WBStreet.TR_WBStreet:PersistentLevel.Brush_Street_25.BrushComponent0) Component already registered.
[2019.01.16-20.33.59:968][837]LogActorComponent: ~FComponentReregisterContext: (/Game/TR_WBStreet.TR_WBStreet:PersistentLevel.Brush_Street_7.BrushComponent0) Component already registered.
[2019.01.16-20.33.59:968][837]LogActorComponent: ~FComponentReregisterContext: (/Game/TR_WBStreet.TR_WBStreet:PersistentLevel.Brush_Street_14.BrushComponent0) Component already registered.
[2019.01.16-20.33.59:968][837]LogActorComponent: ~FComponentReregisterContext: (/Game/TR_WBStreet.TR_WBStreet:PersistentLevel.Brush_Street_8.BrushComponent0) Component already registered.
[2019.01.16-20.33.59:968][837]LogActorComponent: ~FComponentReregisterContext: (/Game/TR_WBStreet.TR_WBStreet:PersistentLevel.Brush_SubBox_5.BrushComponent0) Component already registered.
[2019.01.16-20.33.59:968][837]LogActorComponent: ~FComponentReregisterContext: (/Game/TR_WBStreet.TR_WBStreet:PersistentLevel.Brush_SubBox_7.BrushComponent0) Component already registered.
[2019.01.16-20.33.59:968][837]LogActorComponent: ~FComponentReregisterContext: (/Game/TR_WBStreet.TR_WBStreet:PersistentLevel.Brush_SubBox_6.BrushComponent0) Component already registered.
[2019.01.16-20.33.59:968][837]LogActorComponent: ~FComponentReregisterContext: (/Game/TR_WBStreet.TR_WBStreet:PersistentLevel.Brush_SubBox_1.BrushComponent0) Component already registered.
[2019.01.16-20.33.59:968][837]LogActorComponent: ~FComponentReregisterContext: (/Game/TR_WBStreet.TR_WBStreet:PersistentLevel.Brush_SubBox_3.BrushComponent0) Component already registered.
[2019.01.16-20.33.59:968][837]LogActorComponent: ~FComponentReregisterContext: (/Game/TR_WBStreet.TR_WBStreet:PersistentLevel.Brush_SubBox_2.BrushComponent0) Component already registered.
[2019.01.16-20.33.59:969][837]LogActorComponent: ~FComponentReregisterContext: (/Game/TR_WBStreet.TR_WBStreet:PersistentLevel.Brush_SideWalk_1.BrushComponent0) Component already registered.
[2019.01.16-20.33.59:969][837]LogActorComponent: ~FComponentReregisterContext: (/Game/TR_WBStreet.TR_WBStreet:PersistentLevel.Brush_SideWalk_3.BrushComponent0) Component already registered.
[2019.01.16-20.33.59:969][837]LogActorComponent: ~FComponentReregisterContext: (/Game/TR_WBStreet.TR_WBStreet:PersistentLevel.Brush_SideWalk_2.BrushComponent0) Component already registered.
[2019.01.16-20.34.11:797][178]Cmd: TRANSACTION UNDO
[2019.01.16-20.34.11:797][178]LogEditorTransaction: Undo Move Actors
[2019.01.16-20.34.11:823][178]LogActorComponent: ~FComponentReregisterContext: (/Game/TR_WBStreet.TR_WBStreet:PersistentLevel.Brush_Street_17.BrushComponent0) Component already registered.
[2019.01.16-20.34.11:823][178]LogActorComponent: ~FComponentReregisterContext: (/Game/TR_WBStreet.TR_WBStreet:PersistentLevel.Brush_Street_24.BrushComponent0) Component already registered.
[2019.01.16-20.34.11:823][178]LogActorComponent: ~FComponentReregisterContext: (/Game/TR_WBStreet.TR_WBStreet:PersistentLevel.Brush_SubCyl_3.BrushComponent0) Component already registered.
[2019.01.16-20.34.11:824][178]LogActorComponent: ~FComponentReregisterContext: (/Game/TR_WBStreet.TR_WBStreet:PersistentLevel.Brush_Street_22.BrushComponent0) Component already registered.
[2019.01.16-20.34.11:826][178]LogActorComponent: ~FComponentReregisterContext: (/Game/TR_WBStreet.TR_WBStreet:PersistentLevel.Brush_Street_4.BrushComponent0) Component already registered.
[2019.01.16-20.34.11:826][178]LogActorComponent: ~FComponentReregisterContext: (/Game/TR_WBStreet.TR_WBStreet:PersistentLevel.Brush_SubBox_8.BrushComponent0) Component already registered.
[2019.01.16-20.34.11:827][178]LogActorComponent: ~FComponentReregisterContext: (/Game/TR_WBStreet.TR_WBStreet:PersistentLevel.Brush_SubBox_3.BrushComponent0) Component already registered.
[2019.01.16-20.34.11:827][178]LogActorComponent: ~FComponentReregisterContext: (/Game/TR_WBStreet.TR_WBStreet:PersistentLevel.Brush_SideWalkBlock_6.BrushComponent0) Component already registered.
[2019.01.16-20.34.11:827][178]LogActorComponent: ~FComponentReregisterContext: (/Game/TR_WBStreet.TR_WBStreet:PersistentLevel.Brush_Street_27.BrushComponent0) Component already registered.
[2019.01.16-20.34.11:828][178]LogActorComponent: ~FComponentReregisterContext: (/Game/TR_WBStreet.TR_WBStreet:PersistentLevel.Brush_Street_35.BrushComponent0) Component already registered.
[2019.01.16-20.34.30:684][337]Cmd: TRANSACTION UNDO
[2019.01.16-20.34.30:684][337]LogEditorTransaction: Undo Move Actors
[2019.01.16-20.34.30:717][337]LogActorComponent: ~FComponentReregisterContext: (/Game/TR_WBStreet.TR_WBStreet:PersistentLevel.Brush_SubCyl_1.BrushComponent0) Component already registered.
[2019.01.16-20.34.30:717][337]LogActorComponent: ~FComponentReregisterContext: (/Game/TR_WBStreet.TR_WBStreet:PersistentLevel.Brush_SubCyl_2.BrushComponent0) Component already registered.
[2019.01.16-20.34.30:718][337]LogActorComponent: ~FComponentReregisterContext: (/Game/TR_WBStreet.TR_WBStreet:PersistentLevel.Brush_Street_34.BrushComponent0) Component already registered.
[2019.01.16-20.34.30:718][337]LogActorComponent: ~FComponentReregisterContext: (/Game/TR_WBStreet.TR_WBStreet:PersistentLevel.Brush_Street_35.BrushComponent0) Component already registered.
[2019.01.16-20.34.30:719][337]LogActorComponent: ~FComponentReregisterContext: (/Game/TR_WBStreet.TR_WBStreet:PersistentLevel.Brush_Street_55.BrushComponent0) Component already registered.
[2019.01.16-20.34.30:721][337]LogActorComponent: ~FComponentReregisterContext: (/Game/TR_WBStreet.TR_WBStreet:PersistentLevel.Brush_Street_24.BrushComponent0) Component already registered.
[2019.01.16-20.34.30:722][337]LogActorComponent: ~FComponentReregisterContext: (/Game/TR_WBStreet.TR_WBStreet:PersistentLevel.Brush_Street_73.BrushComponent0) Component already registered.
[2019.01.16-20.34.30:722][337]LogActorComponent: ~FComponentReregisterContext: (/Game/TR_WBStreet.TR_WBStreet:PersistentLevel.Brush_Street_74.BrushComponent0) Component already registered.
[2019.01.16-20.34.30:723][337]LogActorComponent: ~FComponentReregisterContext: (/Game/TR_WBStreet.TR_WBStreet:PersistentLevel.Brush_Street_37.BrushComponent0) Component already registered.
[2019.01.16-20.34.30:723][337]LogActorComponent: ~FComponentReregisterContext: (/Game/TR_WBStreet.TR_WBStreet:PersistentLevel.Brush_SideWalk_1.BrushComponent0) Component already registered.
[2019.01.16-20.34.30:723][337]LogActorComponent: ~FComponentReregisterContext: (/Game/TR_WBStreet.TR_WBStreet:PersistentLevel.Brush_SideWalkBlock_8.BrushComponent0) Component already registered.
[2019.01.16-20.34.46:872][218]Cmd: CAMERA ALIGN ACTIVEVIEWPORTONLY
[2019.01.16-20.35.00:480][800]Cmd: TRANSACTION UNDO
[2019.01.16-20.35.00:481][800]LogEditorTransaction: Undo Move Actors
[2019.01.16-20.35.00:518][800]LogActorComponent: ~FComponentReregisterContext: (/Game/TR_WBStreet.TR_WBStreet:PersistentLevel.Brush_Street_32.BrushComponent0) Component already registered.
[2019.01.16-20.35.00:519][800]LogActorComponent: ~FComponentReregisterContext: (/Game/TR_WBStreet.TR_WBStreet:PersistentLevel.Brush_SubBox_1.BrushComponent0) Component already registered.
[2019.01.16-20.35.00:519][800]LogActorComponent: ~FComponentReregisterContext: (/Game/TR_WBStreet.TR_WBStreet:PersistentLevel.Brush_Street_3.BrushComponent0) Component already registered.
[2019.01.16-20.35.00:519][800]LogActorComponent: ~FComponentReregisterContext: (/Game/TR_WBStreet.TR_WBStreet:PersistentLevel.Brush_Street_67.BrushComponent0) Component already registered.
[2019.01.16-20.35.00:521][800]LogActorComponent: ~FComponentReregisterContext: (/Game/TR_WBStreet.TR_WBStreet:PersistentLevel.Brush_Street_24.BrushComponent0) Component already registered.
[2019.01.16-20.35.00:522][800]LogActorComponent: ~FComponentReregisterContext: (/Game/TR_WBStreet.TR_WBStreet:PersistentLevel.Brush_Street_16.BrushComponent0) Component already registered.
[2019.01.16-20.35.00:523][800]LogActorComponent: ~FComponentReregisterContext: (/Game/TR_WBStreet.TR_WBStreet:PersistentLevel.Brush_SideWalkBlock_16.BrushComponent0) Component already registered.
[2019.01.16-20.35.00:523][800]LogActorComponent: ~FComponentReregisterContext: (/Game/TR_WBStreet.TR_WBStreet:PersistentLevel.Brush_SideWalkBlock_3.BrushComponent0) Component already registered.
[2019.01.16-20.35.00:524][800]LogActorComponent: ~FComponentReregisterContext: (/Game/TR_WBStreet.TR_WBStreet:PersistentLevel.Brush_SideWalkBlock_10.BrushComponent0) Component already registered.
[2019.01.16-20.35.00:524][800]LogActorComponent: ~FComponentReregisterContext: (/Game/TR_WBStreet.TR_WBStreet:PersistentLevel.Brush_Street_72.BrushComponent0) Component already registered.
[2019.01.16-20.35.06:584][460]Cmd: CAMERA ALIGN ACTIVEVIEWPORTONLY
[2019.01.16-20.35.16:943][649]Cmd: CAMERA ALIGN ACTIVEVIEWPORTONLY
[2019.01.16-20.35.25:063][559]Cmd: CAMERA ALIGN ACTIVEVIEWPORTONLY
[2019.01.16-20.36.02:583][859]LogSlate: FSceneViewport::OnFocusLost() reason 0
[2019.01.16-20.36.37:738][739]LogEditorViewport: Clicking on Actor (LMB): BP_Sky_Sphere_C (Sky Sphere)
[2019.01.16-20.36.50:427][209]Cmd: DELETE
[2019.01.16-20.36.50:427][209]Cmd: ACTOR DELETE
[2019.01.16-20.36.50:443][209]LogEditorActor: Deleted Actor: Brush
[2019.01.16-20.36.50:444][209]LogEditorActor: Deleted Actor: Brush
[2019.01.16-20.36.50:444][209]LogEditorActor: Deleted Actor: Brush
[2019.01.16-20.36.50:444][209]LogEditorActor: Deleted Actor: Brush
[2019.01.16-20.36.50:445][209]LogEditorActor: Deleted Actor: Brush
[2019.01.16-20.36.50:445][209]LogEditorActor: Deleted Actor: Brush
[2019.01.16-20.36.50:535][209]LogEditorActor: Deleted 6 Actors (0.108 secs)
[2019.01.16-20.36.53:148][510]Cmd: DELETE
[2019.01.16-20.36.53:148][510]Cmd: ACTOR DELETE
[2019.01.16-20.36.53:169][510]LogEditorActor: Deleted Actor: Brush
[2019.01.16-20.36.53:249][510]LogEditorActor: Deleted 1 Actors (0.100 secs)
[2019.01.16-20.36.57:910][ 55]LogEditorViewport: Clicking on Actor (LMB): SkyLight (SkyLight)
[2019.01.16-20.36.59:633][253]Cmd: CAMERA ALIGN ACTIVEVIEWPORTONLY
[2019.01.16-20.37.32:775][ 41]Cmd: CAMERA ALIGN ACTIVEVIEWPORTONLY
[2019.01.16-20.37.44:428][339]Cmd: CAMERA ALIGN ACTIVEVIEWPORTONLY
[2019.01.16-20.37.57:241][731]Cmd: CAMERA ALIGN ACTIVEVIEWPORTONLY
[2019.01.16-20.38.19:494][184]Cmd: CAMERA ALIGN ACTIVEVIEWPORTONLY
[2019.01.16-20.39.07:210][374]LogSlate: FSceneViewport::OnFocusLost() reason 0
[2019.01.16-20.39.08:585][402]LogSavePackage: Moving '../../../../../../Users/u1122635/Documents/Unreal Projects/TR_WB_InClass/Saved/TR_WBStreet_Auto183428DA64AF6070A6102E58AD68F49CD.tmp' to '../../../../../../Users/u1122635/Documents/Unreal Projects/TR_WB_InClass/Saved/Autosaves/Game/TR_WBStreet_Auto1.umap'
[2019.01.16-20.39.08:589][402]LogFileHelpers: Editor autosave (incl. sublevels) for '/Game/TR_WBStreet' took 0.680
[2019.01.16-20.39.08:589][402]LogFileHelpers: Editor autosave (incl. sublevels) for all levels took 0.680
[2019.01.16-20.39.50:136][288]LogEditorViewport: Clicking on Actor (LMB): BP_Sky_Sphere_C (Sky Sphere)
[2019.01.16-20.40.12:446][933]LogEditorViewport: Clicking on Actor (LMB): BP_Sky_Sphere_C (Sky Sphere)
[2019.01.16-20.40.21:554][972]LogEditorViewport: Clicking on Actor (LMB): BP_Sky_Sphere_C (Sky Sphere)
[2019.01.16-20.40.34:481][487]LogEditorViewport: Clicking on Actor (LMB): BP_Sky_Sphere_C (Sky Sphere)
[2019.01.16-20.40.35:417][594]LogEditorViewport: Clicking on Actor (LMB): BP_Sky_Sphere_C (Sky Sphere)
[2019.01.16-20.40.42:638][435]LogEditorViewport: Clicking on Actor (LMB): BP_Sky_Sphere_C (Sky Sphere)
[2019.01.16-20.40.45:987][797]Cmd: CAMERA ALIGN ACTIVEVIEWPORTONLY
[2019.01.16-20.41.27:818][571]Cmd: DELETE
[2019.01.16-20.41.27:818][571]Cmd: ACTOR DELETE
[2019.01.16-20.41.27:838][571]LogEditorActor: Deleted Actor: Brush
[2019.01.16-20.41.27:969][571]LogEditorActor: Deleted 1 Actors (0.150 secs)
[2019.01.16-20.41.31:461][973]Cmd: DELETE
[2019.01.16-20.41.31:461][973]Cmd: ACTOR DELETE
[2019.01.16-20.41.31:474][973]LogEditorActor: Deleted Actor: Brush
[2019.01.16-20.41.31:586][973]LogEditorActor: Deleted 1 Actors (0.124 secs)
[2019.01.16-20.41.34:238][275]Cmd: DELETE
[2019.01.16-20.41.34:238][275]Cmd: ACTOR DELETE
[2019.01.16-20.41.34:250][275]LogEditorActor: Deleted Actor: Brush
[2019.01.16-20.41.34:363][275]LogEditorActor: Deleted 1 Actors (0.125 secs)
[2019.01.16-20.41.37:514][637]Cmd: DELETE
[2019.01.16-20.41.37:514][637]Cmd: ACTOR DELETE
[2019.01.16-20.41.37:525][637]LogEditorActor: Deleted Actor: Brush
[2019.01.16-20.41.37:638][637]LogEditorActor: Deleted 1 Actors (0.125 secs)
[2019.01.16-20.41.40:148][922]Cmd: DELETE
[2019.01.16-20.41.40:148][922]Cmd: ACTOR DELETE
[2019.01.16-20.41.40:159][922]LogEditorActor: Deleted Actor: Brush
[2019.01.16-20.41.40:268][922]LogEditorActor: Deleted 1 Actors (0.120 secs)
[2019.01.16-20.41.42:031][123]LogEditorViewport: Clicking on Actor (LMB): BP_Sky_Sphere_C (Sky Sphere)
[2019.01.16-20.41.44:161][367]Cmd: DELETE
[2019.01.16-20.41.44:161][367]Cmd: ACTOR DELETE
[2019.01.16-20.41.44:172][367]LogEditorActor: Deleted Actor: Brush
[2019.01.16-20.41.44:283][367]LogEditorActor: Deleted 1 Actors (0.122 secs)
[2019.01.16-20.41.47:212][702]Cmd: DELETE
[2019.01.16-20.41.47:212][702]Cmd: ACTOR DELETE
[2019.01.16-20.41.47:222][702]LogEditorActor: Deleted Actor: Brush
[2019.01.16-20.41.47:332][702]LogEditorActor: Deleted 1 Actors (0.120 secs)
[2019.01.16-20.43.34:200][ 55]LogSlate: FSceneViewport::OnFocusLost() reason 0
[2019.01.16-20.43.42:819][  4]Cmd: CAMERA ALIGN ACTIVEVIEWPORTONLY
[2019.01.16-20.46.10:842][402]LogSlate: FSceneViewport::OnFocusLost() reason 0
[2019.01.16-20.46.37:991][598]LogAssetEditorManager: Opening Asset editor for MaterialInstanceConstant /Game/MI_Grass_TR.MI_Grass_TR
[2019.01.16-20.46.38:336][598]LogRenderer: Reallocating scene render targets to support 1208x640 Format 10 NumSamples 1 (Frame:1).
[2019.01.16-20.47.13:956][759]LogSlate: Window 'Color Picker' being destroyed
[2019.01.16-20.47.21:609][448]LogRenderer: Reallocating scene render targets to support 1336x924 Format 10 NumSamples 1 (Frame:65).
[2019.01.16-20.47.47:916][719]LogSlate: Window 'MI_Grass_TR*' being destroyed
[2019.01.16-20.47.53:802][158]LogAssetEditorManager: Opening Asset editor for MaterialInstanceConstant /Game/MI_SideWalk_TR.MI_SideWalk_TR
[2019.01.16-20.48.17:354][741]Cmd: OBJ SAVEPACKAGE PACKAGE="/Game/MI_Grass_TR" FILE="../../../../../../Users/u1122635/Documents/Unreal Projects/TR_WB_InClass/Content/MI_Grass_TR.uasset" SILENT=true
[2019.01.16-20.48.17:380][741]LogMaterial: Display: Missing cached shader map for material FDebugViewModeMaterialProxy MI_Grass_TR, compiling. 
[2019.01.16-20.48.17:814][741]LogShaderCompilers: Display: Shaders left to compile 1
[2019.01.16-20.48.17:816][741]TextureStreamingBuild: Display: Compiling optional shaders took 0.440 seconds.
[2019.01.16-20.48.17:853][741]LogSavePackage: Moving '../../../../../../Users/u1122635/Documents/Unreal Projects/TR_WB_InClass/Saved/MI_Grass_TRFD2068524067BA97364FA388811B67FE.tmp' to '../../../../../../Users/u1122635/Documents/Unreal Projects/TR_WB_InClass/Content/MI_Grass_TR.uasset'
[2019.01.16-20.48.48:031][203]LogActorFactory: Actor Factory created Cube
[2019.01.16-20.48.48:525][256]LogActorFactory: Actor Factory created Cube
[2019.01.16-20.48.52:305][699]Cmd: DELETE
[2019.01.16-20.48.52:305][699]Cmd: ACTOR DELETE
[2019.01.16-20.48.52:315][699]LogEditorActor: Deleted Actor: StaticMeshActor
[2019.01.16-20.48.52:335][699]LogEditorActor: Deleted 1 Actors (0.030 secs)
[2019.01.16-20.48.57:879][295]LogSlate: FSceneViewport::OnFocusLost() reason 0
[2019.01.16-20.49.07:812][482]LogSlate: FSceneViewport::OnFocusLost() reason 0
[2019.01.16-20.50.38:054][ 83]LogSavePackage: Moving '../../../../../../Users/u1122635/Documents/Unreal Projects/TR_WB_InClass/Saved/TR_WBStreet_Auto2203648BE439382535C23438A408E1131.tmp' to '../../../../../../Users/u1122635/Documents/Unreal Projects/TR_WB_InClass/Saved/Autosaves/Game/TR_WBStreet_Auto2.umap'
[2019.01.16-20.50.38:058][ 83]LogFileHelpers: Editor autosave (incl. sublevels) for '/Game/TR_WBStreet' took 0.412
[2019.01.16-20.50.38:058][ 83]LogFileHelpers: Editor autosave (incl. sublevels) for all levels took 0.412
[2019.01.16-20.51.08:979][765]LogSlate: Window 'Color Picker' being destroyed
[2019.01.16-20.51.15:651][562]Cmd: OBJ SAVEPACKAGE PACKAGE="/Game/MI_Grass_TR" FILE="../../../../../../Users/u1122635/Documents/Unreal Projects/TR_WB_InClass/Content/MI_Grass_TR.uasset" SILENT=true
[2019.01.16-20.51.15:674][562]LogMaterial: Display: Missing cached shader map for material FDebugViewModeMaterialProxy MI_Grass_TR, compiling. 
[2019.01.16-20.51.16:082][562]LogShaderCompilers: Display: Shaders left to compile 1
[2019.01.16-20.51.16:083][562]TextureStreamingBuild: Display: Compiling optional shaders took 0.412 seconds.
[2019.01.16-20.51.16:136][562]LogSavePackage: Moving '../../../../../../Users/u1122635/Documents/Unreal Projects/TR_WB_InClass/Saved/MI_Grass_TR519C7DCA4FD5AA3246A442B18A3B3F49.tmp' to '../../../../../../Users/u1122635/Documents/Unreal Projects/TR_WB_InClass/Content/MI_Grass_TR.uasset'
[2019.01.16-20.51.44:650][961]LogSlate: FSceneViewport::OnFocusLost() reason 2
[2019.01.16-20.52.02:341][ 73]LogSlate: Window 'Color Picker' being destroyed
[2019.01.16-20.52.22:194][381]LogSlate: Window 'Color Picker' being destroyed
[2019.01.16-20.52.26:852][925]Cmd: OBJ SAVEPACKAGE PACKAGE="/Game/MI_Grass_TR" FILE="../../../../../../Users/u1122635/Documents/Unreal Projects/TR_WB_InClass/Content/MI_Grass_TR.uasset" SILENT=true
[2019.01.16-20.52.26:878][925]LogMaterial: Display: Missing cached shader map for material FDebugViewModeMaterialProxy MI_Grass_TR, compiling. 
[2019.01.16-20.52.27:288][925]LogShaderCompilers: Display: Shaders left to compile 1
[2019.01.16-20.52.27:289][925]TextureStreamingBuild: Display: Compiling optional shaders took 0.414 seconds.
[2019.01.16-20.52.27:321][925]LogSavePackage: Moving '../../../../../../Users/u1122635/Documents/Unreal Projects/TR_WB_InClass/Saved/MI_Grass_TREEC4CAC44B1755D06FAE23BD0CF2CF26.tmp' to '../../../../../../Users/u1122635/Documents/Unreal Projects/TR_WB_InClass/Content/MI_Grass_TR.uasset'
[2019.01.16-20.52.36:285][956]Cmd: BRUSH ADD SELECTNEWBRUSH
[2019.01.16-20.52.39:232][285]LogSlate: FSceneViewport::OnFocusLost() reason 0
[2019.01.16-20.53.40:339][118]Cmd: DELETE
[2019.01.16-20.53.40:339][118]Cmd: ACTOR DELETE
[2019.01.16-20.53.40:350][118]LogEditorActor: Deleted Actor: Brush
[2019.01.16-20.53.40:460][118]LogEditorActor: Deleted 1 Actors (0.121 secs)
[2019.01.16-20.54.00:255][434]Cmd: DELETE
[2019.01.16-20.54.00:255][434]Cmd: ACTOR DELETE
[2019.01.16-20.54.00:266][434]LogEditorActor: Deleted Actor: Brush
[2019.01.16-20.54.00:378][434]LogEditorActor: Deleted 1 Actors (0.123 secs)
[2019.01.16-20.54.50:582][987]LogEditorViewport: Clicking on Actor (LMB): BP_Sky_Sphere_C (Sky Sphere)
[2019.01.16-20.54.56:385][587]LogSlate: FSceneViewport::OnFocusLost() reason 2
[2019.01.16-20.55.06:120][750]Cmd: POLY SELECT ADJACENT ALL
[2019.01.16-20.55.10:050][133]LogSlate: FSceneViewport::OnFocusLost() reason 2
[2019.01.16-20.55.18:892][175]LogSlate: FSceneViewport::OnFocusLost() reason 0
[2019.01.16-20.56.19:933][120]Cmd: DELETE
[2019.01.16-20.56.19:933][120]Cmd: ACTOR DELETE
[2019.01.16-20.56.19:946][120]LogEditorActor: Deleted Actor: Brush
[2019.01.16-20.56.20:059][120]LogEditorActor: Deleted 1 Actors (0.125 secs)
[2019.01.16-20.56.25:636][706]LogSlate: FSceneViewport::OnFocusLost() reason 0
[2019.01.16-20.56.35:583][829]LogEditorViewport: Clicking on Actor (LMB): BP_Sky_Sphere_C (Sky Sphere)
[2019.01.16-20.56.52:113][697]LogSlate: FSceneViewport::OnFocusLost() reason 0
[2019.01.16-20.57.32:041][475]Cmd: DELETE
[2019.01.16-20.57.32:041][475]Cmd: ACTOR DELETE
[2019.01.16-20.57.32:054][475]LogEditorActor: Deleted Actor: Brush
[2019.01.16-20.57.32:169][475]LogEditorActor: Deleted 1 Actors (0.127 secs)
[2019.01.16-20.57.37:174][995]LogSlate: FSceneViewport::OnFocusLost() reason 0
[2019.01.16-20.58.06:187][301]LogSlate: FSceneViewport::OnFocusLost() reason 0
[2019.01.16-20.58.26:798][608]Cmd: CAMERA ALIGN ACTIVEVIEWPORTONLY
[2019.01.16-20.58.52:645][295]Cmd: CAMERA ALIGN ACTIVEVIEWPORTONLY
[2019.01.16-20.59.46:218][884]LogSlate: FSceneViewport::OnFocusLost() reason 0
[2019.01.16-21.00.09:637][498]Cmd: CAMERA ALIGN ACTIVEVIEWPORTONLY
[2019.01.16-21.01.20:657][808]Cmd: CAMERA ALIGN ACTIVEVIEWPORTONLY
[2019.01.16-21.01.40:391][787]Cmd: CAMERA ALIGN ACTIVEVIEWPORTONLY
[2019.01.16-21.01.42:510][ 33]Cmd: DELETE
[2019.01.16-21.01.42:510][ 33]Cmd: ACTOR DELETE
[2019.01.16-21.01.42:571][ 33]LogEditorActor: Deleted Actor: Brush
[2019.01.16-21.01.42:972][ 33]LogEditorActor: Deleted 1 Actors (0.461 secs)
[2019.01.16-21.01.44:862][227]Cmd: DELETE
[2019.01.16-21.01.44:862][227]Cmd: ACTOR DELETE
[2019.01.16-21.01.44:889][227]LogEditorActor: Deleted Actor: Brush
[2019.01.16-21.01.45:185][227]LogEditorActor: Deleted 1 Actors (0.324 secs)
[2019.01.16-21.01.58:468][667]Cmd: CAMERA ALIGN ACTIVEVIEWPORTONLY
[2019.01.16-21.02.01:880][ 43]LogEditorViewport: Clicking on Actor (LMB): BP_Sky_Sphere_C (Sky Sphere)
[2019.01.16-21.02.59:752][728]LogEditorViewport: Clicking on Actor (LMB): BP_Sky_Sphere_C (Sky Sphere)
[2019.01.16-21.03.05:143][247]LogSlate: FSceneViewport::OnFocusLost() reason 2
[2019.01.16-21.03.06:169][364]LogSlate: FSceneViewport::OnFocusLost() reason 2
[2019.01.16-21.03.06:241][364]Cmd: OBJ SAVEPACKAGE PACKAGE="/Game/TR_WBStreet" FILE="../../../../../../Users/u1122635/Documents/Unreal Projects/TR_WB_InClass/Content/TR_WBStreet.umap" SILENT=true AUTOSAVING=false KEEPDIRTY=false
[2019.01.16-21.03.07:315][364]LogSavePackage: Moving '../../../../../../Users/u1122635/Documents/Unreal Projects/TR_WB_InClass/Saved/TR_WBStreet1FA2C7644FB638A26C51A893DE523848.tmp' to '../../../../../../Users/u1122635/Documents/Unreal Projects/TR_WB_InClass/Content/TR_WBStreet.umap'
[2019.01.16-21.03.07:357][364]LogFileHelpers: Saving map 'TR_WBStreet' took 1.181
[2019.01.16-21.04.22:308][144]LogFactory: FactoryCreateFile: StaticMesh with FbxFactory (0 0 C:\Users\u1122635\Downloads\mann (2).obj)
[2019.01.16-21.04.22:340][144]LogFbx: Loading FBX Scene from C:\Users\u1122635\Downloads\mann (2).obj
[2019.01.16-21.04.22:420][144]LogFbx: FBX Scene Loaded Succesfully
[2019.01.16-21.04.22:454][144]LogSlate: FSceneViewport::OnFocusLost() reason 2
[2019.01.16-21.04.36:771][144]LogSlate: Window 'FBX Import Options' being destroyed
[2019.01.16-21.04.36:969][144]LogMaterial: Display: Missing cached shader map for material SM_hatMat, compiling. 
[2019.01.16-21.04.37:013][144]LogShaderCompilers: Display: Shaders left to compile 22
[2019.01.16-21.04.37:013][144]LogShaderCompilers: Display: Shaders left to compile 12
[2019.01.16-21.04.37:013][144]LogShaderCompilers: Display: Shaders left to compile 2
[2019.01.16-21.04.37:013][144]LogFbx: Warning: Triangulating static mesh SM_hat
[2019.01.16-21.04.37:494][144]LogStaticMesh: Building static mesh mann__2_...
[2019.01.16-21.04.37:621][144]LogStaticMesh: Built static mesh [0.13s] /Game/mann__2_.mann__2_
[2019.01.16-21.05.15:400][193]Cmd: TRANSACTION UNDO
[2019.01.16-21.05.15:400][193]LogEditorTransaction: Undo Move Actors
[2019.01.16-21.05.17:149][369]Cmd: TRANSACTION UNDO
[2019.01.16-21.05.17:149][369]LogEditorTransaction: Undo Set Rotation
[2019.01.16-21.05.21:306][709]LogSlate: FSceneViewport::OnFocusLost() reason 0
[2019.01.16-21.05.22:236][772]LogSlate: Took 0.016566 seconds to synchronously load lazily loaded font '../../../Engine/Content/Slate/Fonts/Roboto-Italic.ttf' (157K)
[2019.01.16-21.05.45:460][ 60]LogActorFactory: Actor Factory created mann__2_
[2019.01.16-21.05.51:761][804]LogActorFactory: Actor Factory created mann__2_
[2019.01.16-21.05.54:384][ 47]LogSlate: FSceneViewport::OnFocusLost() reason 0
[2019.01.16-21.06.14:711][120]Cmd: CAMERA ALIGN ACTIVEVIEWPORTONLY
[2019.01.16-21.06.52:370][780]LogEditorViewport: Clicking on Actor (LMB): BP_Sky_Sphere_C (Sky Sphere)
[2019.01.16-21.07.06:021][338]LogSlate: FSceneViewport::OnFocusLost() reason 2
[2019.01.16-21.07.07:069][458]LogSlate: FSceneViewport::OnFocusLost() reason 2
[2019.01.16-21.07.07:139][458]Cmd: OBJ SAVEPACKAGE PACKAGE="/Game/TR_WBStreet" FILE="../../../../../../Users/u1122635/Documents/Unreal Projects/TR_WB_InClass/Content/TR_WBStreet.umap" SILENT=true AUTOSAVING=false KEEPDIRTY=false
[2019.01.16-21.07.08:124][458]LogSavePackage: Moving '../../../../../../Users/u1122635/Documents/Unreal Projects/TR_WB_InClass/Saved/TR_WBStreetDB8DB21746C55462CC7116AC5439D6BF.tmp' to '../../../../../../Users/u1122635/Documents/Unreal Projects/TR_WB_InClass/Content/TR_WBStreet.umap'
[2019.01.16-21.07.08:154][458]LogFileHelpers: Saving map 'TR_WBStreet' took 1.076
[2019.01.16-21.07.08:161][458]Cmd: OBJ SAVEPACKAGE PACKAGE="/Game/MI_Grass_TR" FILE="../../../../../../Users/u1122635/Documents/Unreal Projects/TR_WB_InClass/Content/MI_Grass_TR.uasset" SILENT=true
[2019.01.16-21.07.08:183][458]LogMaterial: Display: Missing cached shader map for material FDebugViewModeMaterialProxy MI_Grass_TR, compiling. 
[2019.01.16-21.07.08:587][458]LogShaderCompilers: Display: Shaders left to compile 1
[2019.01.16-21.07.08:649][458]TextureStreamingBuild: Display: Compiling optional shaders took 0.469 seconds.
[2019.01.16-21.07.08:679][458]LogSavePackage: Moving '../../../../../../Users/u1122635/Documents/Unreal Projects/TR_WB_InClass/Saved/MI_Grass_TR8AC438A843EF8834EC6445A99BD83DE9.tmp' to '../../../../../../Users/u1122635/Documents/Unreal Projects/TR_WB_InClass/Content/MI_Grass_TR.uasset'
[2019.01.16-21.07.08:708][458]Cmd: OBJ SAVEPACKAGE PACKAGE="/Game/mann__2_" FILE="../../../../../../Users/u1122635/Documents/Unreal Projects/TR_WB_InClass/Content/mann__2_.uasset" SILENT=true
[2019.01.16-21.07.08:723][458]LogSavePackage: Moving '../../../../../../Users/u1122635/Documents/Unreal Projects/TR_WB_InClass/Saved/mann__2_71CC606B46CEBBBD3F04469F18629D88.tmp' to '../../../../../../Users/u1122635/Documents/Unreal Projects/TR_WB_InClass/Content/mann__2_.uasset'
[2019.01.16-21.07.08:749][458]Cmd: OBJ SAVEPACKAGE PACKAGE="/Game/SM_hatMat" FILE="../../../../../../Users/u1122635/Documents/Unreal Projects/TR_WB_InClass/Content/SM_hatMat.uasset" SILENT=true
[2019.01.16-21.07.08:764][458]LogSavePackage: Moving '../../../../../../Users/u1122635/Documents/Unreal Projects/TR_WB_InClass/Saved/SM_hatMatBDE781F64F8BC7C1122ED7BE05BD7191.tmp' to '../../../../../../Users/u1122635/Documents/Unreal Projects/TR_WB_InClass/Content/SM_hatMat.uasset'
[2019.01.16-21.07.39:848][886]LogSlate: FSceneViewport::OnFocusLost() reason 2
[2019.01.16-21.07.45:705][573]LogEditorViewport: Clicking on Actor (LMB): BP_Sky_Sphere_C (Sky Sphere)
[2019.01.16-21.07.48:284][859]LogEditorViewport: Clicking on Actor (LMB): BP_Sky_Sphere_C (Sky Sphere)
[2019.01.16-21.07.49:215][965]LogEditorViewport: Clicking on Actor (LMB): BP_Sky_Sphere_C (Sky Sphere)
[2019.01.16-21.07.57:992][  2]LogSlate: FSceneViewport::OnFocusLost() reason 0
[2019.01.16-21.07.58:192][ 10]LogSlate: Window 'TR_WB_InClass - Unreal Editor' being destroyed
[2019.01.16-21.07.58:193][ 10]LogWindowsTextInputMethodSystem: Display: IME system now deactivated.
[2019.01.16-21.07.58:422][ 11]Cmd: QUIT_EDITOR
[2019.01.16-21.07.58:452][ 11]LogExit: Preparing to exit.
[2019.01.16-21.07.58:570][ 11]LogExit: Editor shut down
[2019.01.16-21.07.58:570][ 11]LogExit: Transaction tracking system shut down
[2019.01.16-21.07.59:213][ 11]LogExit: Object subsystem successfully closed.
[2019.01.16-21.07.59:237][ 11]LogShaderCompilers: Display: Shaders left to compile 0
[2019.01.16-21.07.59:240][ 11]LogD3D11RHI: Shutdown
[2019.01.16-21.07.59:240][ 11]LogD3D11RHI: CleanupD3DDevice
[2019.01.16-21.07.59:244][ 11]LogD3D11RHI: ~FD3D11DynamicRHI
[2019.01.16-21.07.59:264][ 11]LogModuleManager: Shutting down and abandoning module MeshBuilder (614)
[2019.01.16-21.07.59:264][ 11]LogModuleManager: Shutting down and abandoning module HierarchicalLODOutliner (612)
[2019.01.16-21.07.59:264][ 11]LogModuleManager: Shutting down and abandoning module SceneOutliner (610)
[2019.01.16-21.07.59:264][ 11]LogModuleManager: Shutting down and abandoning module AddContentDialog (608)
[2019.01.16-21.07.59:265][ 11]LogModuleManager: Shutting down and abandoning module WidgetCarousel (607)
[2019.01.16-21.07.59:265][ 11]LogModuleManager: Shutting down and abandoning module EditorWidgets (604)
[2019.01.16-21.07.59:265][ 11]LogModuleManager: Shutting down and abandoning module CollectionManager (602)
[2019.01.16-21.07.59:265][ 11]LogModuleManager: Shutting down and abandoning module HierarchicalLODUtilities (600)
[2019.01.16-21.07.59:265][ 11]LogModuleManager: Shutting down and abandoning module StatsViewer (598)
[2019.01.16-21.07.59:265][ 11]LogModuleManager: Shutting down and abandoning module FoliageEdit (596)
[2019.01.16-21.07.59:265][ 11]LogModuleManager: Shutting down and abandoning module LandscapeEditor (594)
[2019.01.16-21.07.59:265][ 11]LogModuleManager: Shutting down and abandoning module MeshPaintMode (592)
[2019.01.16-21.07.59:265][ 11]LogModuleManager: Shutting down and abandoning module SceneDepthPickerMode (590)
[2019.01.16-21.07.59:265][ 11]LogModuleManager: Shutting down and abandoning module ActorPickerMode (588)
[2019.01.16-21.07.59:265][ 11]LogModuleManager: Shutting down and abandoning module GeometryMode (586)
[2019.01.16-21.07.59:265][ 11]LogModuleManager: Shutting down and abandoning module TextureAlignMode (584)
[2019.01.16-21.07.59:265][ 11]LogModuleManager: Shutting down and abandoning module BspMode (582)
[2019.01.16-21.07.59:265][ 11]LogModuleManager: Shutting down and abandoning module PIEPreviewDeviceProfileSelector (580)
[2019.01.16-21.07.59:265][ 11]LogModuleManager: Shutting down and abandoning module SequenceRecorderSections (578)
[2019.01.16-21.07.59:265][ 11]LogModuleManager: Shutting down and abandoning module AutomationWorker (576)
[2019.01.16-21.07.59:265][ 11]LogModuleManager: Shutting down and abandoning module AudioCaptureEditor (574)
[2019.01.16-21.07.59:265][ 11]LogModuleManager: Shutting down and abandoning module SequenceRecorder (573)
[2019.01.16-21.07.59:265][ 11]LogModuleManager: Shutting down and abandoning module MatineeToLevelSequence (570)
[2019.01.16-21.07.59:265][ 11]LogModuleManager: Shutting down and abandoning module LevelSequenceEditor (568)
[2019.01.16-21.07.59:265][ 11]LogModuleManager: Shutting down and abandoning module PlacementMode (567)
[2019.01.16-21.07.59:265][ 11]LogModuleManager: Shutting down and abandoning module MaterialEditor (566)
[2019.01.16-21.07.59:265][ 11]LogModuleManager: Shutting down and abandoning module WmfMediaFactory (562)
[2019.01.16-21.07.59:265][ 11]LogModuleManager: Shutting down and abandoning module WmfMediaEditor (560)
[2019.01.16-21.07.59:265][ 11]LogModuleManager: Shutting down and abandoning module MediaPlayerEditor (558)
[2019.01.16-21.07.59:265][ 11]LogModuleManager: Shutting down and abandoning module OpenExrWrapper (556)
[2019.01.16-21.07.59:265][ 11]LogModuleManager: Shutting down and abandoning module ImgMediaFactory (554)
[2019.01.16-21.07.59:265][ 11]LogModuleManager: Shutting down and abandoning module ImgMediaEditor (552)
[2019.01.16-21.07.59:265][ 11]LogModuleManager: Shutting down and abandoning module AvfMediaFactory (550)
[2019.01.16-21.07.59:265][ 11]LogModuleManager: Shutting down and abandoning module AvfMediaEditor (548)
[2019.01.16-21.07.59:265][ 11]LogModuleManager: Shutting down and abandoning module AndroidMediaFactory (546)
[2019.01.16-21.07.59:265][ 11]LogModuleManager: Shutting down and abandoning module AndroidMediaEditor (544)
[2019.01.16-21.07.59:265][ 11]LogModuleManager: Shutting down and abandoning module MagicLeapCameraPreviewFactory (542)
[2019.01.16-21.07.59:266][ 11]LogModuleManager: Shutting down and abandoning module MagicLeapMediaFactory (540)
[2019.01.16-21.07.59:266][ 11]LogModuleManager: Shutting down and abandoning module MagicLeapMediaEditor (538)
[2019.01.16-21.07.59:266][ 11]LogModuleManager: Shutting down and abandoning module CharacterAI (536)
[2019.01.16-21.07.59:266][ 11]LogModuleManager: Shutting down and abandoning module SmartSnapping (534)
[2019.01.16-21.07.59:266][ 11]LogModuleManager: Shutting down and abandoning module SessionServices (532)
[2019.01.16-21.07.59:266][ 11]LogModuleManager: Shutting down and abandoning module ViewportSnapping (530)
[2019.01.16-21.07.59:266][ 11]LogModuleManager: Shutting down and abandoning module ViewportInteraction (528)
[2019.01.16-21.07.59:266][ 11]LogModuleManager: Shutting down and abandoning module ClothPainter (526)
[2019.01.16-21.07.59:266][ 11]LogModuleManager: Shutting down and abandoning module SkeletalMeshEditor (525)
[2019.01.16-21.07.59:266][ 11]LogModuleManager: Shutting down and abandoning module LogVisualizer (522)
[2019.01.16-21.07.59:266][ 11]LogModuleManager: Shutting down and abandoning module IntroTutorials (520)
[2019.01.16-21.07.59:266][ 11]LogModuleManager: Shutting down and abandoning module GameProjectGeneration (519)
[2019.01.16-21.07.59:266][ 11]LogModuleManager: Shutting down and abandoning module LuminPlatformEditor (516)
[2019.01.16-21.07.59:266][ 11]LogModuleManager: Shutting down and abandoning module IOSPlatformEditor (514)
[2019.01.16-21.07.59:266][ 11]LogModuleManager: Shutting down and abandoning module HTML5PlatformEditor (512)
[2019.01.16-21.07.59:266][ 11]LogModuleManager: Shutting down and abandoning module AndroidPlatformEditor (510)
[2019.01.16-21.07.59:266][ 11]LogModuleManager: Shutting down and abandoning module AndroidDeviceDetection (509)
[2019.01.16-21.07.59:577][ 11]LogModuleManager: Shutting down and abandoning module WindowsPlatformEditor (506)
[2019.01.16-21.07.59:577][ 11]LogModuleManager: Shutting down and abandoning module LuminRuntimeSettings (504)
[2019.01.16-21.07.59:577][ 11]LogModuleManager: Shutting down and abandoning module IOSRuntimeSettings (502)
[2019.01.16-21.07.59:577][ 11]LogModuleManager: Shutting down and abandoning module AndroidRuntimeSettings (500)
[2019.01.16-21.07.59:577][ 11]LogModuleManager: Shutting down and abandoning module InputBindingEditor (498)
[2019.01.16-21.07.59:577][ 11]LogModuleManager: Shutting down and abandoning module MergeActors (496)
[2019.01.16-21.07.59:577][ 11]LogModuleManager: Shutting down and abandoning module LocalizationDashboard (494)
[2019.01.16-21.07.59:577][ 11]LogModuleManager: Shutting down and abandoning module LocalizationService (493)
[2019.01.16-21.07.59:577][ 11]LogModuleManager: Shutting down and abandoning module HardwareTargeting (490)
[2019.01.16-21.07.59:577][ 11]LogModuleManager: Shutting down and abandoning module DeviceProfileEditor (488)
[2019.01.16-21.07.59:577][ 11]LogModuleManager: Shutting down and abandoning module UndoHistory (486)
[2019.01.16-21.07.59:577][ 11]LogModuleManager: Shutting down and abandoning module XmlParser (484)
[2019.01.16-21.07.59:577][ 11]LogModuleManager: Shutting down and abandoning module Blutility (482)
[2019.01.16-21.07.59:577][ 11]LogModuleManager: Shutting down and abandoning module ProjectSettingsViewer (480)
[2019.01.16-21.07.59:577][ 11]LogModuleManager: Shutting down and abandoning module ProjectTargetPlatformEditor (479)
[2019.01.16-21.07.59:577][ 11]LogModuleManager: Shutting down and abandoning module EditorSettingsViewer (476)
[2019.01.16-21.07.59:577][ 11]LogModuleManager: Shutting down and abandoning module SettingsEditor (474)
[2019.01.16-21.07.59:577][ 11]LogModuleManager: Shutting down and abandoning module ProjectLauncher (472)
[2019.01.16-21.07.59:577][ 11]LogModuleManager: Shutting down and abandoning module SessionFrontend (470)
[2019.01.16-21.07.59:577][ 11]LogModuleManager: Shutting down and abandoning module ProfilerClient (468)
[2019.01.16-21.07.59:577][ 11]LogModuleManager: Shutting down and abandoning module DeviceManager (466)
[2019.01.16-21.07.59:577][ 11]LogModuleManager: Shutting down and abandoning module TargetDeviceServices (465)
[2019.01.16-21.07.59:641][ 11]LogModuleManager: Shutting down and abandoning module AutomationController (462)
[2019.01.16-21.07.59:641][ 11]LogModuleManager: Shutting down and abandoning module AutomationWindow (460)
[2019.01.16-21.07.59:641][ 11]LogModuleManager: Shutting down and abandoning module Layers (458)
[2019.01.16-21.07.59:641][ 11]LogModuleManager: Shutting down and abandoning module ComponentVisualizers (456)
[2019.01.16-21.07.59:641][ 11]LogModuleManager: Shutting down and abandoning module DetailCustomizations (454)
[2019.01.16-21.07.59:641][ 11]LogModuleManager: Shutting down and abandoning module PackagesDialog (452)
[2019.01.16-21.07.59:641][ 11]LogModuleManager: Shutting down and abandoning module Persona (450)
[2019.01.16-21.07.59:641][ 11]LogModuleManager: Shutting down and abandoning module AdvancedPreviewScene (449)
[2019.01.16-21.07.59:641][ 11]LogModuleManager: Shutting down and abandoning module AnimGraph (447)
[2019.01.16-21.07.59:641][ 11]LogModuleManager: Shutting down and abandoning module Kismet (444)
[2019.01.16-21.07.59:641][ 11]LogModuleManager: Shutting down and abandoning module GraphEditor (442)
[2019.01.16-21.07.59:641][ 11]LogModuleManager: Shutting down and abandoning module ClassViewer (440)
[2019.01.16-21.07.59:641][ 11]LogModuleManager: Shutting down and abandoning module Toolbox (438)
[2019.01.16-21.07.59:641][ 11]LogModuleManager: Shutting down and abandoning module ModuleUI (436)
[2019.01.16-21.07.59:641][ 11]LogModuleManager: Shutting down and abandoning module MovieSceneTools (434)
[2019.01.16-21.07.59:641][ 11]LogModuleManager: Shutting down and abandoning module OutputLog (432)
[2019.01.16-21.07.59:641][ 11]LogModuleManager: Shutting down and abandoning module GammaUI (430)
[2019.01.16-21.07.59:641][ 11]LogModuleManager: Shutting down and abandoning module Documentation (428)
[2019.01.16-21.07.59:641][ 11]LogModuleManager: Shutting down and abandoning module MovieSceneTracks (426)
[2019.01.16-21.07.59:641][ 11]LogModuleManager: Shutting down and abandoning module MovieScene (424)
[2019.01.16-21.07.59:641][ 11]LogModuleManager: Shutting down and abandoning module StreamingPauseRendering (422)
[2019.01.16-21.07.59:641][ 11]LogModuleManager: Shutting down and abandoning module LauncherPlatform (420)
[2019.01.16-21.07.59:641][ 11]LogModuleManager: Shutting down and abandoning module AnalyticsET (418)
[2019.01.16-21.07.59:641][ 11]LogModuleManager: Shutting down and abandoning module PortalServices (416)
[2019.01.16-21.07.59:641][ 11]LogModuleManager: Shutting down and abandoning module PortalRpc (414)
[2019.01.16-21.07.59:641][ 11]LogModuleManager: Shutting down and abandoning module MessagingRpc (412)
[2019.01.16-21.07.59:641][ 11]LogModuleManager: Shutting down and abandoning module AIModule (410)
[2019.01.16-21.07.59:641][ 11]LogModuleManager: Shutting down and abandoning module GameplayDebugger (409)
[2019.01.16-21.07.59:642][ 11]LogModuleManager: Shutting down and abandoning module AITestSuite (407)
[2019.01.16-21.07.59:642][ 11]LogModuleManager: Shutting down and abandoning module NavigationSystem (405)
[2019.01.16-21.07.59:642][ 11]LogModuleManager: Shutting down and abandoning module DesktopPlatform (402)
[2019.01.16-21.07.59:642][ 11]LogModuleManager: Shutting down and abandoning module ProfilerService (400)
[2019.01.16-21.07.59:706][ 11]LogModuleManager: Shutting down and abandoning module TaskGraph (398)
[2019.01.16-21.07.59:706][ 11]LogModuleManager: Shutting down and abandoning module SteamVRController (396)
[2019.01.16-21.07.59:706][ 11]LogModuleManager: Shutting down and abandoning module ProceduralMeshComponentEditor (394)
[2019.01.16-21.07.59:706][ 11]LogModuleManager: Shutting down and abandoning module ProceduralMeshComponent (392)
[2019.01.16-21.07.59:706][ 11]LogModuleManager: Shutting down and abandoning module OculusInput (390)
[2019.01.16-21.07.59:706][ 11]LogModuleManager: Shutting down and abandoning module MobilePatchingUtils (388)
[2019.01.16-21.07.59:706][ 11]LogModuleManager: Shutting down and abandoning module EditableMesh (386)
[2019.01.16-21.07.59:706][ 11]LogModuleManager: Shutting down and abandoning module CustomMeshComponent (384)
[2019.01.16-21.07.59:706][ 11]LogModuleManager: Shutting down and abandoning module CableComponent (382)
[2019.01.16-21.07.59:706][ 11]LogModuleManager: Shutting down and abandoning module AudioCapture (380)
[2019.01.16-21.07.59:706][ 11]LogModuleManager: Shutting down and abandoning module ArchVisCharacter (378)
[2019.01.16-21.07.59:706][ 11]LogModuleManager: Shutting down and abandoning module AndroidPermission (376)
[2019.01.16-21.07.59:706][ 11]LogModuleManager: Shutting down and abandoning module NUTUnrealEngine4 (374)
[2019.01.16-21.07.59:706][ 11]LogModuleManager: Shutting down and abandoning module NetcodeUnitTest (372)
[2019.01.16-21.07.59:706][ 11]LogModuleManager: Shutting down and abandoning module MediaCompositingEditor (370)
[2019.01.16-21.07.59:706][ 11]LogModuleManager: Shutting down and abandoning module MediaCompositing (368)
[2019.01.16-21.07.59:706][ 11]LogModuleManager: Shutting down and abandoning module LinearTimecode (366)
[2019.01.16-21.07.59:706][ 11]LogModuleManager: Shutting down and abandoning module ImgMedia (364)
[2019.01.16-21.07.59:709][ 11]LogModuleManager: Shutting down and abandoning module HTML5Networking (362)
[2019.01.16-21.07.59:709][ 11]LogModuleManager: Shutting down and abandoning module GeometryCacheTracks (360)
[2019.01.16-21.07.59:709][ 11]LogModuleManager: Shutting down and abandoning module GeometryCacheSequencer (358)
[2019.01.16-21.07.59:709][ 11]LogModuleManager: Shutting down and abandoning module BackChannel (356)
[2019.01.16-21.07.59:709][ 11]LogModuleManager: Shutting down and abandoning module AppleVision (354)
[2019.01.16-21.07.59:709][ 11]LogModuleManager: Shutting down and abandoning module AppleImageUtils (352)
[2019.01.16-21.07.59:709][ 11]LogModuleManager: Shutting down and abandoning module AlembicImporter (350)
[2019.01.16-21.07.59:709][ 11]LogModuleManager: Shutting down and abandoning module AlembicLibrary (349)
[2019.01.16-21.07.59:709][ 11]LogModuleManager: Shutting down and abandoning module GeometryCache (348)
[2019.01.16-21.07.59:709][ 11]LogModuleManager: Shutting down and abandoning module GeometryCacheEd (347)
[2019.01.16-21.07.59:709][ 11]LogModuleManager: Shutting down and abandoning module DatasmithContentEditor (342)
[2019.01.16-21.07.59:709][ 11]LogModuleManager: Shutting down and abandoning module DatasmithContent (340)
[2019.01.16-21.07.59:710][ 11]LogModuleManager: Shutting down and abandoning module SpeedTreeImporter (338)
[2019.01.16-21.07.59:710][ 11]LogModuleManager: Shutting down and abandoning module PluginBrowser (336)
[2019.01.16-21.07.59:710][ 11]LogModuleManager: Shutting down and abandoning module MobileLauncherProfileWizard (334)
[2019.01.16-21.07.59:710][ 11]LogModuleManager: Shutting down and abandoning module PolygonModeling (332)
[2019.01.16-21.07.59:710][ 11]LogModuleManager: Shutting down and abandoning module MeshEditor (330)
[2019.01.16-21.07.59:710][ 11]LogModuleManager: Shutting down and abandoning module CryptoKeysOpenSSL (328)
[2019.01.16-21.07.59:710][ 11]LogModuleManager: Shutting down and abandoning module CryptoKeys (326)
[2019.01.16-21.07.59:710][ 11]LogModuleManager: Shutting down and abandoning module VisualStudioSourceCodeAccess (324)
[2019.01.16-21.07.59:710][ 11]LogModuleManager: Shutting down and abandoning module VisualStudioCodeSourceCodeAccess (322)
[2019.01.16-21.07.59:710][ 11]LogModuleManager: Shutting down and abandoning module UObjectPlugin (320)
[2019.01.16-21.07.59:710][ 11]LogModuleManager: Shutting down and abandoning module SubversionSourceControl (318)
[2019.01.16-21.07.59:710][ 11]LogModuleManager: Shutting down and abandoning module PerforceSourceControl (316)
[2019.01.16-21.07.59:710][ 11]LogModuleManager: Shutting down and abandoning module GitSourceControl (314)
[2019.01.16-21.07.59:710][ 11]LogModuleManager: Shutting down and abandoning module SourceControl (313)
[2019.01.16-21.07.59:710][ 11]LogModuleManager: Shutting down and abandoning module CLionSourceCodeAccess (310)
[2019.01.16-21.07.59:710][ 11]LogModuleManager: Shutting down and abandoning module LightPropagationVolumeEditor (308)
[2019.01.16-21.07.59:710][ 11]LogModuleManager: Shutting down and abandoning module PaperTiledImporter (306)
[2019.01.16-21.07.59:710][ 11]LogModuleManager: Shutting down and abandoning module PaperSpriteSheetImporter (304)
[2019.01.16-21.07.59:710][ 11]LogModuleManager: Shutting down and abandoning module Paper2DEditor (302)
[2019.01.16-21.07.59:710][ 11]LogModuleManager: Shutting down and abandoning module MeshPaint (301)
[2019.01.16-21.07.59:710][ 11]LogModuleManager: Shutting down and abandoning module RuntimePhysXCooking (298)
[2019.01.16-21.07.59:710][ 11]LogModuleManager: Shutting down and abandoning module PhysXVehiclesEditor (296)
[2019.01.16-21.07.59:710][ 11]LogModuleManager: Shutting down and abandoning module PhysXVehicles (294)
[2019.01.16-21.07.59:710][ 11]LogModuleManager: Shutting down and abandoning module OculusEditor (292)
[2019.01.16-21.07.59:710][ 11]LogModuleManager: Shutting down and abandoning module LocationServicesBPLibrary (290)
[2019.01.16-21.07.59:710][ 11]LogModuleManager: Shutting down and abandoning module ImmediatePhysicsEditor (288)
[2019.01.16-21.07.59:710][ 11]LogModuleManager: Shutting down and abandoning module ImmediatePhysics (286)
[2019.01.16-21.07.59:710][ 11]LogModuleManager: Shutting down and abandoning module ActorSequence (284)
[2019.01.16-21.07.59:710][ 11]LogModuleManager: Shutting down and abandoning module UdpMessaging (282)
[2019.01.16-21.07.59:811][ 11]LogModuleManager: Shutting down and abandoning module TcpMessaging (280)
[2019.01.16-21.07.59:913][ 11]LogModuleManager: Shutting down and abandoning module MagicLeapAudio (278)
[2019.01.16-21.07.59:913][ 11]LogModuleManager: Shutting down and abandoning module GameplayTagsEditor (276)
[2019.01.16-21.07.59:913][ 11]LogModuleManager: Shutting down and abandoning module FacialAnimationEditor (274)
[2019.01.16-21.07.59:913][ 11]LogModuleManager: Shutting down and abandoning module FacialAnimation (272)
[2019.01.16-21.07.59:913][ 11]LogModuleManager: Shutting down and abandoning module DataValidation (270)
[2019.01.16-21.07.59:913][ 11]LogModuleManager: Shutting down and abandoning module AssetManagerEditor (268)
[2019.01.16-21.07.59:913][ 11]LogModuleManager: Shutting down and abandoning module LevelEditor (267)
[2019.01.16-21.07.59:913][ 11]LogModuleManager: Shutting down and abandoning module PixelInspectorModule (266)
[2019.01.16-21.07.59:913][ 11]LogModuleManager: Shutting down and abandoning module CommonMenuExtensions (264)
[2019.01.16-21.07.59:913][ 11]LogModuleManager: Shutting down and abandoning module MainFrame (262)
[2019.01.16-21.07.59:913][ 11]LogModuleManager: Shutting down and abandoning module HotReload (261)
[2019.01.16-21.07.59:914][ 11]LogModuleManager: Shutting down and abandoning module ContentBrowser (257)
[2019.01.16-21.07.59:914][ 11]LogModuleManager: Shutting down and abandoning module TreeMap (255)
[2019.01.16-21.07.59:914][ 11]LogModuleManager: Shutting down and abandoning module LightPropagationVolumeRuntime (252)
[2019.01.16-21.07.59:914][ 11]LogModuleManager: Shutting down and abandoning module AISupportModule (250)
[2019.01.16-21.07.59:914][ 11]LogModuleManager: Shutting down and abandoning module Paper2D (248)
[2019.01.16-21.07.59:915][ 11]LogModuleManager: Shutting down and abandoning module WindowsMoviePlayer (246)
[2019.01.16-21.07.59:915][ 11]LogModuleManager: Shutting down and abandoning module WmfMedia (244)
[2019.01.16-21.07.59:916][ 11]LogModuleManager: Shutting down and abandoning module Media (243)
[2019.01.16-21.07.59:922][ 11]LogModuleManager: Shutting down and abandoning module PacketHandler (240)
[2019.01.16-21.07.59:922][ 11]LogModuleManager: Shutting down and abandoning module ClothingSystemEditor (238)
[2019.01.16-21.07.59:922][ 11]LogModuleManager: Shutting down and abandoning module ClothingSystemRuntime (236)
[2019.01.16-21.07.59:922][ 11]LogModuleManager: Shutting down and abandoning module MediaAssets (234)
[2019.01.16-21.07.59:922][ 11]LogModuleManager: Shutting down and abandoning module Overlay (232)
[2019.01.16-21.07.59:922][ 11]LogModuleManager: Shutting down and abandoning module OverlayEditor (231)
[2019.01.16-21.07.59:922][ 11]LogModuleManager: Shutting down and abandoning module VREditor (228)
[2019.01.16-21.07.59:922][ 11]LogModuleManager: Shutting down and abandoning module StringTableEditor (226)
[2019.01.16-21.07.59:922][ 11]LogModuleManager: Shutting down and abandoning module GameplayTasksEditor (224)
[2019.01.16-21.07.59:922][ 11]LogModuleManager: Shutting down and abandoning module BehaviorTreeEditor (222)
[2019.01.16-21.07.59:922][ 11]LogModuleManager: Shutting down and abandoning module FunctionalTesting (220)
[2019.01.16-21.07.59:922][ 11]LogModuleManager: Shutting down and abandoning module CollisionAnalyzer (218)
[2019.01.16-21.07.59:922][ 11]LogModuleManager: Shutting down and abandoning module WorkspaceMenuStructure (217)
[2019.01.16-21.07.59:922][ 11]LogModuleManager: Shutting down and abandoning module UMG (214)
[2019.01.16-21.07.59:922][ 11]LogModuleManager: Shutting down and abandoning module UMGEditor (213)
[2019.01.16-21.07.59:922][ 11]LogModuleManager: Shutting down and abandoning module Sequencer (212)
[2019.01.16-21.07.59:922][ 11]LogModuleManager: Shutting down and abandoning module MessageLog (209)
[2019.01.16-21.07.59:922][ 11]LogModuleManager: Shutting down and abandoning module SlateReflector (204)
[2019.01.16-21.07.59:922][ 11]LogModuleManager: Shutting down and abandoning module Slate (202)
[2019.01.16-21.07.59:922][ 11]LogModuleManager: Shutting down and abandoning module EditorStyle (200)
[2019.01.16-21.07.59:924][ 11]LogModuleManager: Shutting down and abandoning module MRMesh (198)
[2019.01.16-21.07.59:924][ 11]LogModuleManager: Shutting down and abandoning module SourceCodeAccess (196)
[2019.01.16-21.07.59:924][ 11]LogModuleManager: Shutting down and abandoning module HeadMountedDisplay (194)
[2019.01.16-21.07.59:924][ 11]LogModuleManager: Shutting down and abandoning module XAudio2 (192)
[2019.01.16-21.07.59:924][ 11]LogModuleManager: Shutting down and abandoning module Networking (190)
[2019.01.16-21.07.59:924][ 11]LogModuleManager: Shutting down and abandoning module Core (188)
[2019.01.16-21.07.59:924][ 11]LogModuleManager: Shutting down and abandoning module LevelSequence (186)
[2019.01.16-21.07.59:924][ 11]LogModuleManager: Shutting down and abandoning module KismetCompiler (184)
[2019.01.16-21.07.59:924][ 11]LogModuleManager: Shutting down and abandoning module MeshUtilities (182)
[2019.01.16-21.07.59:924][ 11]LogModuleManager: Shutting down and abandoning module MeshMergeUtilities (181)
[2019.01.16-21.07.59:924][ 11]LogModuleManager: Shutting down and abandoning module MeshReductionInterface (180)
[2019.01.16-21.07.59:924][ 11]LogModuleManager: Shutting down and abandoning module SimplygonSwarm (179)
[2019.01.16-21.07.59:924][ 11]LogModuleManager: Shutting down and abandoning module ProxyLODMeshReduction (177)
[2019.01.16-21.07.59:924][ 11]LogModuleManager: Shutting down and abandoning module SimplygonMeshReduction (175)
[2019.01.16-21.07.59:924][ 11]LogModuleManager: Shutting down and abandoning module QuadricMeshReduction (173)
[2019.01.16-21.07.59:924][ 11]LogModuleManager: Shutting down and abandoning module MaterialBaking (169)
[2019.01.16-21.07.59:924][ 11]LogModuleManager: Shutting down and abandoning module DirectoryWatcher (165)
[2019.01.16-21.07.59:924][ 11]LogModuleManager: Shutting down and abandoning module DerivedDataCache (162)
[2019.01.16-21.08.00:022][ 11]LogDerivedDataCache: Shutdown
[2019.01.16-21.08.00:022][ 11]LogModuleManager: Shutting down and abandoning module XGEController (160)
[2019.01.16-21.08.00:022][ 11]LogModuleManager: Shutting down and abandoning module TargetPlatform (158)
[2019.01.16-21.08.00:022][ 11]LogModuleManager: Shutting down and abandoning module VulkanShaderFormat (157)
[2019.01.16-21.08.00:022][ 11]LogModuleManager: Shutting down and abandoning module ShaderFormatVectorVM (155)
[2019.01.16-21.08.00:022][ 11]LogModuleManager: Shutting down and abandoning module ShaderFormatOpenGL (153)
[2019.01.16-21.08.00:022][ 11]LogModuleManager: Shutting down and abandoning module ShaderFormatD3D (151)
[2019.01.16-21.08.00:022][ 11]LogModuleManager: Shutting down and abandoning module MetalShaderFormat (149)
[2019.01.16-21.08.00:022][ 11]LogModuleManager: Shutting down and abandoning module TextureFormatUncompressed (147)
[2019.01.16-21.08.00:022][ 11]LogModuleManager: Shutting down and abandoning module TextureFormatPVR (145)
[2019.01.16-21.08.00:022][ 11]LogModuleManager: Shutting down and abandoning module TextureFormatDXT (143)
[2019.01.16-21.08.00:022][ 11]LogModuleManager: Shutting down and abandoning module TextureFormatIntelISPCTexComp (141)
[2019.01.16-21.08.00:022][ 11]LogModuleManager: Shutting down and abandoning module TextureFormatASTC (139)
[2019.01.16-21.08.00:022][ 11]LogModuleManager: Shutting down and abandoning module ImageWrapper (138)
[2019.01.16-21.08.00:022][ 11]LogModuleManager: Shutting down and abandoning module TextureFormatAndroid (135)
[2019.01.16-21.08.00:023][ 11]LogModuleManager: Shutting down and abandoning module AudioFormatOpus (133)
[2019.01.16-21.08.00:023][ 11]LogModuleManager: Shutting down and abandoning module AudioFormatOgg (131)
[2019.01.16-21.08.00:023][ 11]LogModuleManager: Shutting down and abandoning module AudioFormatADPCM (129)
[2019.01.16-21.08.00:023][ 11]LogModuleManager: Shutting down and abandoning module LuminTargetPlatform (127)
[2019.01.16-21.08.00:023][ 11]LogModuleManager: Shutting down and abandoning module LinuxTargetPlatform (125)
[2019.01.16-21.08.00:023][ 11]LogModuleManager: Shutting down and abandoning module LinuxServerTargetPlatform (123)
[2019.01.16-21.08.00:023][ 11]LogModuleManager: Shutting down and abandoning module LinuxNoEditorTargetPlatform (121)
[2019.01.16-21.08.00:023][ 11]LogModuleManager: Shutting down and abandoning module LinuxClientTargetPlatform (119)
[2019.01.16-21.08.00:023][ 11]LogModuleManager: Shutting down and abandoning module TVOSTargetPlatform (117)
[2019.01.16-21.08.00:023][ 11]LogModuleManager: Shutting down and abandoning module Messaging (115)
[2019.01.16-21.08.00:023][ 11]LogModuleManager: Shutting down and abandoning module IOSTargetPlatform (113)
[2019.01.16-21.08.00:024][ 11]LogModuleManager: Shutting down and abandoning module HTML5TargetPlatform (111)
[2019.01.16-21.08.00:024][ 11]LogModuleManager: Shutting down and abandoning module AndroidTargetPlatform (109)
[2019.01.16-21.08.00:029][ 11]LogModuleManager: Shutting down and abandoning module WindowsTargetPlatform (107)
[2019.01.16-21.08.00:029][ 11]LogModuleManager: Shutting down and abandoning module WindowsServerTargetPlatform (105)
[2019.01.16-21.08.00:029][ 11]LogModuleManager: Shutting down and abandoning module WindowsNoEditorTargetPlatform (103)
[2019.01.16-21.08.00:029][ 11]LogModuleManager: Shutting down and abandoning module WindowsClientTargetPlatform (101)
[2019.01.16-21.08.00:029][ 11]LogModuleManager: Shutting down and abandoning module MacTargetPlatform (99)
[2019.01.16-21.08.00:029][ 11]LogModuleManager: Shutting down and abandoning module MacServerTargetPlatform (97)
[2019.01.16-21.08.00:029][ 11]LogModuleManager: Shutting down and abandoning module MacNoEditorTargetPlatform (95)
[2019.01.16-21.08.00:029][ 11]LogModuleManager: Shutting down and abandoning module MacClientTargetPlatform (93)
[2019.01.16-21.08.00:029][ 11]LogModuleManager: Shutting down and abandoning module AllDesktopTargetPlatform (91)
[2019.01.16-21.08.00:029][ 11]LogModuleManager: Shutting down and abandoning module InputCore (88)
[2019.01.16-21.08.00:029][ 11]LogModuleManager: Shutting down and abandoning module Settings (86)
[2019.01.16-21.08.00:029][ 11]LogModuleManager: Shutting down and abandoning module PhysXCooking (84)
[2019.01.16-21.08.00:029][ 11]LogModuleManager: Shutting down and abandoning module SteamVR (82)
[2019.01.16-21.08.00:029][ 11]LogModuleManager: Shutting down and abandoning module OculusHMD (80)
[2019.01.16-21.08.00:029][ 11]LogModuleManager: Shutting down and abandoning module ExampleDeviceProfileSelector (78)
[2019.01.16-21.08.00:029][ 11]LogModuleManager: Shutting down and abandoning module LauncherChunkInstaller (76)
[2019.01.16-21.08.00:029][ 11]LogModuleManager: Shutting down and abandoning module OnlineBlueprintSupport (74)
[2019.01.16-21.08.00:029][ 11]LogModuleManager: Shutting down and abandoning module OnlineSubsystem (70)
[2019.01.16-21.08.00:030][ 11]LogModuleManager: Shutting down and abandoning module XMPP (65)
[2019.01.16-21.08.00:030][ 11]LogModuleManager: Shutting down and abandoning module WebSockets (64)
[2019.01.16-21.08.00:053][ 11]LogModuleManager: Shutting down and abandoning module HTTP (61)
[2019.01.16-21.08.00:054][ 11]LogHttp: Display: Http module shutting down, but needs to wait on 1 outstanding Http requests:
[2019.01.16-21.08.00:054][ 11]LogHttp: Display: 	verb=[POST] url=[https://datarouter.ol.epicgames.com/datarouter/api/v1/public/data?SessionID=%7BCB900404-4243-669A-12B5-F6A7E4F4199F%7D&AppID=UEEditor.Rocket.Release&AppVersion=4.20.3-4369336%2B%2B%2BUE4%2BRelease-4.20&UserID=e7757851425b02773d24df931f6d8e0e%7C9c88258bdb254612ba6fc52f5dc37ab5%7Ce7b110cc-1a49-4b3b-976f-10b06697675e&AppEnvironment=datacollector-binary&UploadType=eteventstream] status=Processing
[2019.01.16-21.08.00:057][ 11]LogModuleManager: Shutting down and abandoning module SSL (60)
[2019.01.16-21.08.00:058][ 11]LogModuleManager: Shutting down and abandoning module MagicLeapEmulator (56)
[2019.01.16-21.08.00:058][ 11]LogModuleManager: Shutting down and abandoning module MagicLeapPrivileges (54)
[2019.01.16-21.08.00:058][ 11]LogModuleManager: Shutting down and abandoning module MagicLeapIdentity (52)
[2019.01.16-21.08.00:058][ 11]LogModuleManager: Shutting down and abandoning module MagicLeapHelperVulkan (50)
[2019.01.16-21.08.00:058][ 11]LogModuleManager: Shutting down and abandoning module MagicLeapHelperOpenGL (48)
[2019.01.16-21.08.00:058][ 11]LogModuleManager: Shutting down and abandoning module MagicLeapSecureStorage (46)
[2019.01.16-21.08.00:058][ 11]LogModuleManager: Shutting down and abandoning module MagicLeapGestures (44)
[2019.01.16-21.08.00:058][ 11]LogModuleManager: Shutting down and abandoning module MagicLeapEyeTracker (42)
[2019.01.16-21.08.00:058][ 11]LogModuleManager: Shutting down and abandoning module MagicLeapController (40)
[2019.01.16-21.08.00:058][ 11]LogSlate: Slate User Destroyed.  User Index 0, Is Virtual User: 0
[2019.01.16-21.08.00:058][ 11]LogModuleManager: Shutting down and abandoning module MagicLeap (38)
[2019.01.16-21.08.00:058][ 11]LogModuleManager: Shutting down and abandoning module AnimationModifiers (36)
[2019.01.16-21.08.00:058][ 11]LogModuleManager: Shutting down and abandoning module PropertyEditor (35)
[2019.01.16-21.08.00:058][ 11]LogModuleManager: Shutting down and abandoning module AudioEditor (32)
[2019.01.16-21.08.00:059][ 11]LogModuleManager: Shutting down and abandoning module TextureCompressor (30)
[2019.01.16-21.08.00:059][ 11]LogModuleManager: Shutting down and abandoning module ShaderCore (28)
[2019.01.16-21.08.00:059][ 11]LogModuleManager: Shutting down and abandoning module Landscape (26)
[2019.01.16-21.08.00:059][ 11]LogModuleManager: Shutting down and abandoning module SlateRHIRenderer (24)
[2019.01.16-21.08.00:059][ 11]LogModuleManager: Shutting down and abandoning module OpenGLDrv (22)
[2019.01.16-21.08.00:059][ 11]LogModuleManager: Shutting down and abandoning module D3D11RHI (20)
[2019.01.16-21.08.00:059][ 11]LogModuleManager: Shutting down and abandoning module AnimGraphRuntime (18)
[2019.01.16-21.08.00:059][ 11]LogModuleManager: Shutting down and abandoning module Renderer (16)
[2019.01.16-21.08.00:059][ 11]LogModuleManager: Shutting down and abandoning module Engine (14)
[2019.01.16-21.08.00:059][ 11]LogModuleManager: Shutting down and abandoning module CoreUObject (12)
[2019.01.16-21.08.00:059][ 11]LogModuleManager: Shutting down and abandoning module NetworkFile (10)
[2019.01.16-21.08.00:059][ 11]LogModuleManager: Shutting down and abandoning module CookedIterativeFile (8)
[2019.01.16-21.08.00:059][ 11]LogModuleManager: Shutting down and abandoning module StreamingFile (6)
[2019.01.16-21.08.00:059][ 11]LogModuleManager: Shutting down and abandoning module SandboxFile (4)
[2019.01.16-21.08.00:059][ 11]LogModuleManager: Shutting down and abandoning module PakFile (2)
[2019.01.16-21.08.00:065][ 11]LogExit: Exiting.
[2019.01.16-21.08.00:078][ 11]Log file closed, 01/16/19 14:08:00
